<?xml version="1.0" encoding="UTF-8"?>
<testsuite xmlns:xsi="http://www.w3.org/2001/XMLSchema-instance" xsi:noNamespaceSchemaLocation="https://maven.apache.org/surefire/maven-surefire-plugin/xsd/surefire-test-report-3.0.xsd" version="3.0" name="com.cognizant.centralizedauthentication.CentralizedAuthenticationApplicationTests" time="1.334" tests="4" errors="0" skipped="0" failures="0">
  <properties>
[...]
</properties>
  <testcase name="testUserEndpoint_redirectsToLoginWhenUnauthenticated" classname="com.cognizant.centralizedauthentication.CentralizedAuthenticationApplicationTests" time="0.39">
    <system-out><![CDATA[22:32:21.905 [main] INFO org.springframework.test.context.support.AnnotationConfigContextLoaderUtils -- Could not detect default configuration classes for test class [com.cognizant.centralizedauthentication.CentralizedAuthenticationApplicationTests]: CentralizedAuthenticationApplicationTests does not declare any static, non-private, non-final, nested classes annotated with @Configuration.
22:32:21.945 [main] INFO org.springframework.boot.test.context.SpringBootTestContextBootstrapper -- Found @SpringBootConfiguration com.cognizant.centralizedauthentication.CentralizedAuthenticationApplication for test class com.cognizant.centralizedauthentication.CentralizedAuthenticationApplicationTests
22:32:22.014 [main] INFO org.springframework.boot.devtools.restart.RestartApplicationListener -- Restart disabled due to context in which it is running

  .   ____          _            __ _ _
 /\\ / ___'_ __ _ _(_)_ __  __ _ \ \ \ \
( ( )\___ | '_ | '_| | '_ \/ _` | \ \ \ \
 \\/  ___)| |_)| | | | | || (_| |  ) ) ) )
  '  |____| .__|_| |_|_| |_\__, | / / / /
 =========|_|==============|___/=/_/_/_/

 :: Spring Boot ::                (v3.3.1)

2026-06-29T22:32:22.155+05:30  INFO 39332 --- [           main] entralizedAuthenticationApplicationTests : Starting CentralizedAuthenticationApplicationTests using Java 26.0.1 with PID 39332 (started by bharathbodduvenkata in /Users/bharathbodduvenkata/SonarQube & Microservices/Exercise 1- Implementing Centralized Authentication with OAuth 2.1:OIDC)
2026-06-29T22:32:22.155+05:30 DEBUG 39332 --- [           main] entralizedAuthenticationApplicationTests : Running with Spring Boot v3.3.1, Spring v6.1.10
2026-06-29T22:32:22.156+05:30  INFO 39332 --- [           main] entralizedAuthenticationApplicationTests : No active profile set, falling back to 1 default profile: "default"
2026-06-29T22:32:22.542+05:30 DEBUG 39332 --- [           main] swordEncoderAuthenticationManagerBuilder : No authenticationProviders and no parentAuthenticationManager defined. Returning null.
2026-06-29T22:32:22.613+05:30  INFO 39332 --- [           main] c.c.c.config.SecurityConfig              : Initializing SecurityFilterChain configured for Spring Boot 3 and Spring Security 6.
2026-06-29T22:32:22.619+05:30 DEBUG 39332 --- [           main] c.c.c.config.SecurityConfig              : SecurityFilterChain bean initialized successfully.
2026-06-29T22:32:22.637+05:30 DEBUG 39332 --- [           main] o.s.s.web.DefaultSecurityFilterChain     : Will secure any request with filters: DisableEncodeUrlFilter, WebAsyncManagerIntegrationFilter, SecurityContextHolderFilter, HeaderWriterFilter, CorsFilter, CsrfFilter, LogoutFilter, OAuth2AuthorizationRequestRedirectFilter, OAuth2LoginAuthenticationFilter, DefaultLoginPageGeneratingFilter, DefaultLogoutPageGeneratingFilter, ConcurrentSessionFilter, RequestCacheAwareFilter, SecurityContextHolderAwareRequestFilter, AnonymousAuthenticationFilter, SessionManagementFilter, ExceptionTranslationFilter, AuthorizationFilter
2026-06-29T22:32:22.728+05:30  INFO 39332 --- [           main] o.s.b.t.m.w.SpringBootMockServletContext : Initializing Spring TestDispatcherServlet ''
2026-06-29T22:32:22.728+05:30  INFO 39332 --- [           main] o.s.t.web.servlet.TestDispatcherServlet  : Initializing Servlet ''
2026-06-29T22:32:22.729+05:30  INFO 39332 --- [           main] o.s.t.web.servlet.TestDispatcherServlet  : Completed initialization in 1 ms
2026-06-29T22:32:22.744+05:30  INFO 39332 --- [           main] entralizedAuthenticationApplicationTests : Started CentralizedAuthenticationApplicationTests in 0.727 seconds (process running for 2.809)
2026-06-29T22:32:23.115+05:30 DEBUG 39332 --- [           main] o.s.security.web.FilterChainProxy        : Securing GET /user
2026-06-29T22:32:23.118+05:30 DEBUG 39332 --- [           main] o.s.s.w.a.AnonymousAuthenticationFilter  : Set SecurityContextHolder to anonymous SecurityContext
2026-06-29T22:32:23.131+05:30 DEBUG 39332 --- [           main] o.s.s.w.s.HttpSessionRequestCache        : Saved request http://localhost/user?continue to session
2026-06-29T22:32:23.132+05:30 DEBUG 39332 --- [           main] s.w.a.DelegatingAuthenticationEntryPoint : Trying to match using And [Not [RequestHeaderRequestMatcher [expectedHeaderName=X-Requested-With, expectedHeaderValue=XMLHttpRequest]], Not [And [Or [Ant [pattern='/login'], Ant [pattern='/favicon.ico']], And [Not [RequestHeaderRequestMatcher [expectedHeaderName=X-Requested-With, expectedHeaderValue=XMLHttpRequest]], MediaTypeRequestMatcher [contentNegotiationStrategy=org.springframework.web.accept.ContentNegotiationManager@5f910283, matchingMediaTypes=[application/xhtml+xml, image/*, text/html, text/plain], useEquals=false, ignoredMediaTypes=[*/*]]]]], org.springframework.security.config.annotation.web.configurers.oauth2.client.OAuth2LoginConfigurer$$Lambda/0x000000fe01767b40@1c61f9bf]
2026-06-29T22:32:23.132+05:30 DEBUG 39332 --- [           main] s.w.a.DelegatingAuthenticationEntryPoint : Match found! Executing org.springframework.security.web.authentication.LoginUrlAuthenticationEntryPoint@46c47690
2026-06-29T22:32:23.133+05:30 DEBUG 39332 --- [           main] o.s.s.web.DefaultRedirectStrategy        : Redirecting to http://localhost/oauth2/authorization/google
]]></system-out>
    <system-err><![CDATA[WARNING: A Java agent has been loaded dynamically (/Users/bharathbodduvenkata/.m2/repository/net/bytebuddy/byte-buddy-agent/1.14.17/byte-buddy-agent-1.14.17.jar)
WARNING: If a serviceability tool is in use, please run with -XX:+EnableDynamicAgentLoading to hide this warning
WARNING: If a serviceability tool is not in use, please run with -Djdk.instrument.traceUsage for more information
WARNING: Dynamic loading of agents will be disallowed by default in a future release
]]></system-err>
  </testcase>
  <testcase name="contextLoads" classname="com.cognizant.centralizedauthentication.CentralizedAuthenticationApplicationTests" time="0.001"/>
  <testcase name="testWelcomeEndpoint_isPublic" classname="com.cognizant.centralizedauthentication.CentralizedAuthenticationApplicationTests" time="0.014">
    <system-out><![CDATA[2026-06-29T22:32:23.145+05:30 DEBUG 39332 --- [           main] o.s.security.web.FilterChainProxy        : Securing GET /
2026-06-29T22:32:23.146+05:30 DEBUG 39332 --- [           main] o.s.s.w.a.AnonymousAuthenticationFilter  : Set SecurityContextHolder to anonymous SecurityContext
2026-06-29T22:32:23.146+05:30 DEBUG 39332 --- [           main] o.s.security.web.FilterChainProxy        : Secured GET /
2026-06-29T22:32:23.152+05:30  INFO 39332 --- [           main] c.c.c.controller.UserController          : Accessing landing page. Displaying welcome message.
]]></system-out>
  </testcase>
  <testcase name="testUserEndpoint_withOAuth2MockUser" classname="com.cognizant.centralizedauthentication.CentralizedAuthenticationApplicationTests" time="0.02">
    <system-out><![CDATA[2026-06-29T22:32:23.164+05:30 DEBUG 39332 --- [           main] w.c.HttpSessionSecurityContextRepository : Created HttpSession as SecurityContext is non-default
2026-06-29T22:32:23.164+05:30 DEBUG 39332 --- [           main] w.c.HttpSessionSecurityContextRepository : Stored SecurityContextImpl [Authentication=OAuth2AuthenticationToken [Principal=Name: [google-user-123], Granted Authorities: [[OAUTH2_USER, SCOPE_read]], User Attributes: [{sub=google-user-123, name=John Doe, email=john.doe@gmail.com}], Credentials=[PROTECTED], Authenticated=true, Details=null, Granted Authorities=[OAUTH2_USER, SCOPE_read]]] to HttpSession [org.springframework.mock.web.MockHttpSession@3884e858]
2026-06-29T22:32:23.165+05:30 DEBUG 39332 --- [           main] o.s.security.web.FilterChainProxy        : Securing GET /user
2026-06-29T22:32:23.166+05:30 DEBUG 39332 --- [           main] w.c.HttpSessionSecurityContextRepository : Retrieved SecurityContextImpl [Authentication=OAuth2AuthenticationToken [Principal=Name: [google-user-123], Granted Authorities: [[OAUTH2_USER, SCOPE_read]], User Attributes: [{sub=google-user-123, name=John Doe, email=john.doe@gmail.com}], Credentials=[PROTECTED], Authenticated=true, Details=null, Granted Authorities=[OAUTH2_USER, SCOPE_read]]]
2026-06-29T22:32:23.166+05:30 DEBUG 39332 --- [           main] o.s.security.web.FilterChainProxy        : Secured GET /user
2026-06-29T22:32:23.167+05:30  INFO 39332 --- [           main] c.c.c.controller.UserController          : Accessing authenticated user details endpoint.
2026-06-29T22:32:23.167+05:30 DEBUG 39332 --- [           main] c.c.c.controller.UserController          : Authentication class type: org.springframework.security.oauth2.client.authentication.OAuth2AuthenticationToken
2026-06-29T22:32:23.168+05:30  INFO 39332 --- [           main] c.c.c.controller.UserController          : User successfully authenticated via provider: test
2026-06-29T22:32:23.168+05:30 DEBUG 39332 --- [           main] c.c.c.controller.UserController          : Extracted user attributes from OAuth2 token: {sub=google-user-123, name=John Doe, email=john.doe@gmail.com}
]]></system-out>
  </testcase>
</testsuite>