<?xml version="1.0" encoding="UTF-8"?>
<testsuite xmlns:xsi="http://www.w3.org/2001/XMLSchema-instance" xsi:noNamespaceSchemaLocation="https://maven.apache.org/surefire/maven-surefire-plugin/xsd/surefire-test-report-3.0.xsd" version="3.0" name="com.example.payment.PaymentServiceApplicationTests" time="2.132" tests="1" errors="0" skipped="0" failures="0">
  <properties>
[...]
</properties>
  <testcase name="contextLoads" classname="com.example.payment.PaymentServiceApplicationTests" time="0.295">
    <system-out><![CDATA[23:18:30.818 [main] INFO org.springframework.test.context.support.AnnotationConfigContextLoaderUtils -- Could not detect default configuration classes for test class [com.example.payment.PaymentServiceApplicationTests]: PaymentServiceApplicationTests does not declare any static, non-private, non-final, nested classes annotated with @Configuration.
23:18:30.863 [main] INFO org.springframework.boot.test.context.SpringBootTestContextBootstrapper -- Found @SpringBootConfiguration com.example.payment.PaymentServiceApplication for test class com.example.payment.PaymentServiceApplicationTests
23:18:30.927 [main] INFO org.springframework.boot.devtools.restart.RestartApplicationListener -- Restart disabled due to context in which it is running

  .   ____          _            __ _ _
 /\\ / ___'_ __ _ _(_)_ __  __ _ \ \ \ \
( ( )\___ | '_ | '_| | '_ \/ _` | \ \ \ \
 \\/  ___)| |_)| | | | | || (_| |  ) ) ) )
  '  |____| .__|_| |_|_| |_\__, | / / / /
 =========|_|==============|___/=/_/_/_/
 :: Spring Boot ::                (v3.2.5)

2026-06-29T23:18:31.041+05:30  INFO 49353 --- [payment-service] [           main] c.e.p.PaymentServiceApplicationTests     : Starting PaymentServiceApplicationTests using Java 26.0.1 with PID 49353 (started by bharathbodduvenkata in /Users/bharathbodduvenkata/SonarQube & Microservices/Microservices Setup Exercises/Resilient Microservices with Circuit Breaker)
2026-06-29T23:18:31.041+05:30 DEBUG 49353 --- [payment-service] [           main] c.e.p.PaymentServiceApplicationTests     : Running with Spring Boot v3.2.5, Spring v6.1.6
2026-06-29T23:18:31.041+05:30  INFO 49353 --- [payment-service] [           main] c.e.p.PaymentServiceApplicationTests     : No active profile set, falling back to 1 default profile: "default"
2026-06-29T23:18:31.349+05:30 DEBUG 49353 --- [payment-service] [           main] i.g.r.s.u.RxJava2OnClasspathCondition    : RxJava2 related Aspect extensions are not activated, because RxJava2 is not on the classpath.
2026-06-29T23:18:31.349+05:30 DEBUG 49353 --- [payment-service] [           main] i.g.r.s.u.ReactorOnClasspathCondition    : Reactor related Aspect extensions are not activated because Reactor is not on the classpath.
2026-06-29T23:18:31.353+05:30 DEBUG 49353 --- [payment-service] [           main] i.g.r.s.u.RxJava2OnClasspathCondition    : RxJava2 related Aspect extensions are not activated, because RxJava2 is not on the classpath.
2026-06-29T23:18:31.353+05:30 DEBUG 49353 --- [payment-service] [           main] i.g.r.s.u.ReactorOnClasspathCondition    : Reactor related Aspect extensions are not activated because Reactor is not on the classpath.
2026-06-29T23:18:31.363+05:30 DEBUG 49353 --- [payment-service] [           main] i.g.r.s.u.RxJava2OnClasspathCondition    : RxJava2 related Aspect extensions are not activated, because RxJava2 is not on the classpath.
2026-06-29T23:18:31.363+05:30 DEBUG 49353 --- [payment-service] [           main] i.g.r.s.u.ReactorOnClasspathCondition    : Reactor related Aspect extensions are not activated because Reactor is not on the classpath.
2026-06-29T23:18:31.367+05:30 DEBUG 49353 --- [payment-service] [           main] i.g.r.s.u.RxJava2OnClasspathCondition    : RxJava2 related Aspect extensions are not activated, because RxJava2 is not on the classpath.
2026-06-29T23:18:31.368+05:30 DEBUG 49353 --- [payment-service] [           main] i.g.r.s.u.ReactorOnClasspathCondition    : Reactor related Aspect extensions are not activated because Reactor is not on the classpath.
2026-06-29T23:18:31.371+05:30 DEBUG 49353 --- [payment-service] [           main] i.g.r.s.u.RxJava2OnClasspathCondition    : RxJava2 related Aspect extensions are not activated, because RxJava2 is not on the classpath.
2026-06-29T23:18:31.371+05:30 DEBUG 49353 --- [payment-service] [           main] i.g.r.s.u.ReactorOnClasspathCondition    : Reactor related Aspect extensions are not activated because Reactor is not on the classpath.
2026-06-29T23:18:31.375+05:30 DEBUG 49353 --- [payment-service] [           main] i.g.r.s.u.RxJava2OnClasspathCondition    : RxJava2 related Aspect extensions are not activated, because RxJava2 is not on the classpath.
2026-06-29T23:18:31.375+05:30 DEBUG 49353 --- [payment-service] [           main] i.g.r.s.u.ReactorOnClasspathCondition    : Reactor related Aspect extensions are not activated because Reactor is not on the classpath.
2026-06-29T23:18:31.378+05:30 DEBUG 49353 --- [payment-service] [           main] i.g.r.s.u.RxJava2OnClasspathCondition    : RxJava2 related Aspect extensions are not activated, because RxJava2 is not on the classpath.
2026-06-29T23:18:31.378+05:30 DEBUG 49353 --- [payment-service] [           main] i.g.r.s.u.ReactorOnClasspathCondition    : Reactor related Aspect extensions are not activated because Reactor is not on the classpath.
2026-06-29T23:18:32.447+05:30  INFO 49353 --- [payment-service] [           main] o.s.b.a.e.web.EndpointLinksResolver      : Exposing 3 endpoint(s) beneath base path '/actuator'
2026-06-29T23:18:32.489+05:30  INFO 49353 --- [payment-service] [           main] c.e.p.PaymentServiceApplicationTests     : Started PaymentServiceApplicationTests in 1.566 seconds (process running for 1.983)
]]></system-out>
    <system-err><![CDATA[WARNING: A Java agent has been loaded dynamically (/Users/bharathbodduvenkata/.m2/repository/net/bytebuddy/byte-buddy-agent/1.14.13/byte-buddy-agent-1.14.13.jar)
WARNING: If a serviceability tool is in use, please run with -XX:+EnableDynamicAgentLoading to hide this warning
WARNING: If a serviceability tool is not in use, please run with -Djdk.instrument.traceUsage for more information
WARNING: Dynamic loading of agents will be disallowed by default in a future release
]]></system-err>
  </testcase>
</testsuite>