<?xml version="1.0" encoding="UTF-8"?>
<testsuite xmlns:xsi="http://www.w3.org/2001/XMLSchema-instance" xsi:noNamespaceSchemaLocation="https://maven.apache.org/surefire/maven-surefire-plugin/xsd/surefire-test-report-3.0.xsd" version="3.0" name="com.cognizant.oauth2resourceserver.SecureControllerTest" time="1.247" tests="4" errors="0" skipped="0" failures="0">
  <properties>
[...]
</properties>
  <testcase name="getRoot_ShouldBePublicAndReturnSuccess" classname="com.cognizant.oauth2resourceserver.SecureControllerTest" time="0.038">
    <system-out><![CDATA[22:36:02.122 [main] INFO org.springframework.test.context.support.AnnotationConfigContextLoaderUtils -- Could not detect default configuration classes for test class [com.cognizant.oauth2resourceserver.SecureControllerTest]: SecureControllerTest does not declare any static, non-private, non-final, nested classes annotated with @Configuration.
22:36:02.174 [main] INFO org.springframework.boot.test.context.SpringBootTestContextBootstrapper -- Found @SpringBootConfiguration com.cognizant.oauth2resourceserver.OAuth2ResourceServerApplication for test class com.cognizant.oauth2resourceserver.SecureControllerTest
22:36:02.214 [main] INFO org.springframework.boot.devtools.restart.RestartApplicationListener -- Restart disabled due to context in which it is running

  .   ____          _            __ _ _
 /\\ / ___'_ __ _ _(_)_ __  __ _ \ \ \ \
( ( )\___ | '_ | '_| | '_ \/ _` | \ \ \ \
 \\/  ___)| |_)| | | | | || (_| |  ) ) ) )
  '  |____| .__|_| |_|_| |_\__, | / / / /
 =========|_|==============|___/=/_/_/_/

 :: Spring Boot ::                (v3.3.1)

2026-06-29 22:36:02.372 [main] INFO  c.c.o.SecureControllerTest - Starting SecureControllerTest using Java 26.0.1 with PID 40327 (started by bharathbodduvenkata in /Users/bharathbodduvenkata/SonarQube & Microservices/Exercise 2- Configuring Authorization Servers and Resource Servers)
2026-06-29 22:36:02.372 [main] DEBUG c.c.o.SecureControllerTest - Running with Spring Boot v3.3.1, Spring v6.1.10
2026-06-29 22:36:02.373 [main] INFO  c.c.o.SecureControllerTest - No active profile set, falling back to 1 default profile: "default"
2026-06-29 22:36:03.042 [main] DEBUG o.s.s.c.a.a.c.AuthenticationConfiguration$DefaultPasswordEncoderAuthenticationManagerBuilder - No authenticationProviders and no parentAuthenticationManager defined. Returning null.
2026-06-29 22:36:03.097 [main] INFO  c.c.o.config.ResourceServerConfig - Initializing Resource Server SecurityFilterChain Configuration...
2026-06-29 22:36:03.103 [main] INFO  c.c.o.config.ResourceServerConfig - Resource Server SecurityFilterChain configured successfully.
2026-06-29 22:36:03.112 [main] DEBUG o.s.s.web.DefaultSecurityFilterChain - Will secure any request with filters: DisableEncodeUrlFilter, WebAsyncManagerIntegrationFilter, SecurityContextHolderFilter, HeaderWriterFilter, CorsFilter, LogoutFilter, BearerTokenAuthenticationFilter, RequestCacheAwareFilter, SecurityContextHolderAwareRequestFilter, AnonymousAuthenticationFilter, SessionManagementFilter, ExceptionTranslationFilter, AuthorizationFilter
2026-06-29 22:36:03.200 [main] INFO  o.s.b.t.m.w.SpringBootMockServletContext - Initializing Spring TestDispatcherServlet ''
2026-06-29 22:36:03.200 [main] INFO  o.s.t.w.s.TestDispatcherServlet - Initializing Servlet ''
2026-06-29 22:36:03.201 [main] INFO  o.s.t.w.s.TestDispatcherServlet - Completed initialization in 0 ms
2026-06-29 22:36:03.210 [main] INFO  c.c.o.SecureControllerTest - Started SecureControllerTest in 1.004 seconds (process running for 1.375)
2026-06-29 22:36:03.229 [main] DEBUG o.s.security.web.FilterChainProxy - Securing GET /
2026-06-29 22:36:03.232 [main] DEBUG o.s.s.w.a.AnonymousAuthenticationFilter - Set SecurityContextHolder to anonymous SecurityContext
2026-06-29 22:36:03.232 [main] DEBUG o.s.security.web.FilterChainProxy - Secured GET /
2026-06-29 22:36:03.237 [main] INFO  c.c.o.controller.SecureController - Public access: executing root endpoint.
]]></system-out>
    <system-err><![CDATA[WARNING: A Java agent has been loaded dynamically (/Users/bharathbodduvenkata/.m2/repository/net/bytebuddy/byte-buddy-agent/1.14.17/byte-buddy-agent-1.14.17.jar)
WARNING: If a serviceability tool is in use, please run with -XX:+EnableDynamicAgentLoading to hide this warning
WARNING: If a serviceability tool is not in use, please run with -Djdk.instrument.traceUsage for more information
WARNING: Dynamic loading of agents will be disallowed by default in a future release
]]></system-err>
  </testcase>
  <testcase name="getSecure_WithoutToken_ShouldReturn401Unauthorized" classname="com.cognizant.oauth2resourceserver.SecureControllerTest" time="0.025">
    <system-out><![CDATA[2026-06-29 22:36:03.255 [main] DEBUG o.s.security.web.FilterChainProxy - Securing GET /secure
2026-06-29 22:36:03.255 [main] DEBUG o.s.s.w.a.AnonymousAuthenticationFilter - Set SecurityContextHolder to anonymous SecurityContext
2026-06-29 22:36:03.256 [main] ERROR c.c.o.config.ResourceServerConfig - Authentication failed for request to /secure: Full authentication is required to access this resource
]]></system-out>
  </testcase>
  <testcase name="getProfile_WithValidToken_ShouldReturnUserProfile" classname="com.cognizant.oauth2resourceserver.SecureControllerTest" time="0.012">
    <system-out><![CDATA[2026-06-29 22:36:03.283 [main] DEBUG o.s.security.web.FilterChainProxy - Securing GET /profile
2026-06-29 22:36:03.284 [main] DEBUG o.s.security.web.FilterChainProxy - Secured GET /profile
2026-06-29 22:36:03.286 [main] INFO  c.c.o.controller.SecureController - Authorized access: retrieving profile for user (subject: john.doe@cognizant.com)
2026-06-29 22:36:03.286 [main] DEBUG c.c.o.controller.SecureController - Successfully extracted JWT claims: {sub=john.doe@cognizant.com, scope=read write, company=Cognizant}
]]></system-out>
  </testcase>
  <testcase name="getSecure_WithValidToken_ShouldReturn200Ok" classname="com.cognizant.oauth2resourceserver.SecureControllerTest" time="0.003">
    <system-out><![CDATA[2026-06-29 22:36:03.293 [main] DEBUG o.s.security.web.FilterChainProxy - Securing GET /secure
2026-06-29 22:36:03.293 [main] DEBUG o.s.security.web.FilterChainProxy - Secured GET /secure
2026-06-29 22:36:03.293 [main] INFO  c.c.o.controller.SecureController - Authorized access: executing secure endpoint.
]]></system-out>
  </testcase>
</testsuite>