<?xml version="1.0" encoding="UTF-8"?>
<testsuite xmlns:xsi="http://www.w3.org/2001/XMLSchema-instance" xsi:noNamespaceSchemaLocation="https://maven.apache.org/surefire/maven-surefire-plugin/xsd/surefire-test-report.xsd" version="3.0.2" name="com.cognizant.edgeservice.EdgeServiceApplicationTests" time="1.83" tests="3" errors="0" skipped="0" failures="0">
  <properties>
[...]
</properties>
  <testcase name="testActuatorHealth" classname="com.cognizant.edgeservice.EdgeServiceApplicationTests" time="0.475">
    <system-out><![CDATA[22:48:16.264 [main] INFO org.springframework.test.context.support.AnnotationConfigContextLoaderUtils -- Could not detect default configuration classes for test class [com.cognizant.edgeservice.EdgeServiceApplicationTests]: EdgeServiceApplicationTests does not declare any static, non-private, non-final, nested classes annotated with @Configuration.
22:48:16.307 [main] INFO org.springframework.boot.test.context.SpringBootTestContextBootstrapper -- Found @SpringBootConfiguration com.cognizant.edgeservice.EdgeServiceApplication for test class com.cognizant.edgeservice.EdgeServiceApplicationTests
22:48:16.430 [main] INFO org.springframework.boot.devtools.restart.RestartApplicationListener -- Restart disabled due to context in which it is running

  .   ____          _            __ _ _
 /\\ / ___'_ __ _ _(_)_ __  __ _ \ \ \ \
( ( )\___ | '_ | '_| | '_ \/ _` | \ \ \ \
 \\/  ___)| |_)| | | | | || (_| |  ) ) ) )
  '  |____| .__|_| |_|_| |_\__, | / / / /
 =========|_|==============|___/=/_/_/_/

 :: Spring Boot ::                (v3.4.1)

2026-06-29T22:48:16.583+05:30  INFO 42682 --- [edge-service] [           main] c.c.e.EdgeServiceApplicationTests        : Starting EdgeServiceApplicationTests using Java 26.0.1 with PID 42682 (started by bharathbodduvenkata in /Users/bharathbodduvenkata/SonarQube & Microservices/Microservices Workspace Structure v2/Exercise 1- Implementing Edge Services for Routing and Filtering)
2026-06-29T22:48:16.583+05:30 DEBUG 42682 --- [edge-service] [           main] c.c.e.EdgeServiceApplicationTests        : Running with Spring Boot v3.4.1, Spring v6.2.1
2026-06-29T22:48:16.583+05:30  INFO 42682 --- [edge-service] [           main] c.c.e.EdgeServiceApplicationTests        : No active profile set, falling back to 1 default profile: "default"
2026-06-29T22:48:16.816+05:30 TRACE 42682 --- [edge-service] [           main] Configuration$OnVerboseDisabledCondition : Condition GatewayAutoConfiguration.OnVerboseDisabledCondition on org.springframework.cloud.gateway.config.GatewayAutoConfiguration$GatewayActuatorConfiguration#gatewayLegacyControllerEndpoint did not match due to NoneNestedConditions 1 matched 0 did not; NestedCondition on GatewayAutoConfiguration.OnVerboseDisabledCondition.VerboseDisabled @ConditionalOnProperty (spring.cloud.gateway.actuator.verbose.enabled) matched
2026-06-29T22:48:16.822+05:30 TRACE 42682 --- [edge-service] [           main] o.s.c.g.c.c.OnEnabledGlobalFilter        : Condition OnEnabledGlobalFilter on org.springframework.cloud.gateway.config.GatewayAutoConfiguration$NettyConfiguration#routingFilter matched
2026-06-29T22:48:16.822+05:30 TRACE 42682 --- [edge-service] [           main] o.s.c.g.c.c.OnEnabledGlobalFilter        : Condition OnEnabledGlobalFilter on org.springframework.cloud.gateway.config.GatewayAutoConfiguration$NettyConfiguration#nettyWriteResponseFilter matched
2026-06-29T22:48:16.822+05:30 TRACE 42682 --- [edge-service] [           main] o.s.c.g.c.c.OnEnabledGlobalFilter        : Condition OnEnabledGlobalFilter on org.springframework.cloud.gateway.config.GatewayAutoConfiguration$NettyConfiguration#reactorNettyWebSocketClient matched
2026-06-29T22:48:16.822+05:30 TRACE 42682 --- [edge-service] [           main] o.s.c.g.c.c.OnEnabledGlobalFilter        : Condition OnEnabledGlobalFilter on org.springframework.cloud.gateway.config.GatewayAutoConfiguration$NettyConfiguration#reactorNettyRequestUpgradeStrategy matched
2026-06-29T22:48:16.831+05:30 TRACE 42682 --- [edge-service] [           main] o.s.c.g.c.c.OnEnabledGlobalFilter        : Condition OnEnabledGlobalFilter on org.springframework.cloud.gateway.config.GatewayAutoConfiguration#adaptCachedBodyGlobalFilter matched
2026-06-29T22:48:16.831+05:30 TRACE 42682 --- [edge-service] [           main] o.s.c.g.c.c.OnEnabledGlobalFilter        : Condition OnEnabledGlobalFilter on org.springframework.cloud.gateway.config.GatewayAutoConfiguration#removeCachedBodyFilter matched
2026-06-29T22:48:16.832+05:30 TRACE 42682 --- [edge-service] [           main] o.s.c.g.c.c.OnEnabledGlobalFilter        : Condition OnEnabledGlobalFilter on org.springframework.cloud.gateway.config.GatewayAutoConfiguration#routeToRequestUrlFilter matched
2026-06-29T22:48:16.832+05:30 TRACE 42682 --- [edge-service] [           main] o.s.c.g.c.c.OnEnabledGlobalFilter        : Condition OnEnabledGlobalFilter on org.springframework.cloud.gateway.config.GatewayAutoConfiguration#forwardRoutingFilter matched
2026-06-29T22:48:16.832+05:30 TRACE 42682 --- [edge-service] [           main] o.s.c.g.c.c.OnEnabledGlobalFilter        : Condition OnEnabledGlobalFilter on org.springframework.cloud.gateway.config.GatewayAutoConfiguration#forwardPathFilter matched
2026-06-29T22:48:16.832+05:30 TRACE 42682 --- [edge-service] [           main] o.s.c.g.c.c.OnEnabledGlobalFilter        : Condition OnEnabledGlobalFilter on org.springframework.cloud.gateway.config.GatewayAutoConfiguration#webSocketService matched
2026-06-29T22:48:16.832+05:30 TRACE 42682 --- [edge-service] [           main] o.s.c.g.c.c.OnEnabledGlobalFilter        : Condition OnEnabledGlobalFilter on org.springframework.cloud.gateway.config.GatewayAutoConfiguration#websocketRoutingFilter matched
2026-06-29T22:48:16.832+05:30 TRACE 42682 --- [edge-service] [           main] o.s.c.g.c.c.OnEnabledPredicate           : Condition OnEnabledPredicate on org.springframework.cloud.gateway.config.GatewayAutoConfiguration#weightCalculatorWebFilter matched
2026-06-29T22:48:16.833+05:30 TRACE 42682 --- [edge-service] [           main] o.s.c.g.c.c.OnEnabledPredicate           : Condition OnEnabledPredicate on org.springframework.cloud.gateway.config.GatewayAutoConfiguration#afterRoutePredicateFactory matched
2026-06-29T22:48:16.833+05:30 TRACE 42682 --- [edge-service] [           main] o.s.c.g.c.c.OnEnabledPredicate           : Condition OnEnabledPredicate on org.springframework.cloud.gateway.config.GatewayAutoConfiguration#beforeRoutePredicateFactory matched
2026-06-29T22:48:16.833+05:30 TRACE 42682 --- [edge-service] [           main] o.s.c.g.c.c.OnEnabledPredicate           : Condition OnEnabledPredicate on org.springframework.cloud.gateway.config.GatewayAutoConfiguration#betweenRoutePredicateFactory matched
2026-06-29T22:48:16.833+05:30 TRACE 42682 --- [edge-service] [           main] o.s.c.g.c.c.OnEnabledPredicate           : Condition OnEnabledPredicate on org.springframework.cloud.gateway.config.GatewayAutoConfiguration#cookieRoutePredicateFactory matched
2026-06-29T22:48:16.833+05:30 TRACE 42682 --- [edge-service] [           main] o.s.c.g.c.c.OnEnabledPredicate           : Condition OnEnabledPredicate on org.springframework.cloud.gateway.config.GatewayAutoConfiguration#headerRoutePredicateFactory matched
2026-06-29T22:48:16.833+05:30 TRACE 42682 --- [edge-service] [           main] o.s.c.g.c.c.OnEnabledPredicate           : Condition OnEnabledPredicate on org.springframework.cloud.gateway.config.GatewayAutoConfiguration#hostRoutePredicateFactory matched
2026-06-29T22:48:16.833+05:30 TRACE 42682 --- [edge-service] [           main] o.s.c.g.c.c.OnEnabledPredicate           : Condition OnEnabledPredicate on org.springframework.cloud.gateway.config.GatewayAutoConfiguration#methodRoutePredicateFactory matched
2026-06-29T22:48:16.833+05:30 TRACE 42682 --- [edge-service] [           main] o.s.c.g.c.c.OnEnabledPredicate           : Condition OnEnabledPredicate on org.springframework.cloud.gateway.config.GatewayAutoConfiguration#pathRoutePredicateFactory matched
2026-06-29T22:48:16.834+05:30 TRACE 42682 --- [edge-service] [           main] o.s.c.g.c.c.OnEnabledPredicate           : Condition OnEnabledPredicate on org.springframework.cloud.gateway.config.GatewayAutoConfiguration#queryRoutePredicateFactory matched
2026-06-29T22:48:16.834+05:30 TRACE 42682 --- [edge-service] [           main] o.s.c.g.c.c.OnEnabledPredicate           : Condition OnEnabledPredicate on org.springframework.cloud.gateway.config.GatewayAutoConfiguration#readBodyPredicateFactory matched
2026-06-29T22:48:16.834+05:30 TRACE 42682 --- [edge-service] [           main] o.s.c.g.c.c.OnEnabledPredicate           : Condition OnEnabledPredicate on org.springframework.cloud.gateway.config.GatewayAutoConfiguration#remoteAddrRoutePredicateFactory matched
2026-06-29T22:48:16.834+05:30 TRACE 42682 --- [edge-service] [           main] o.s.c.g.c.c.OnEnabledPredicate           : Condition OnEnabledPredicate on org.springframework.cloud.gateway.config.GatewayAutoConfiguration#xForwardedRemoteAddrRoutePredicateFactory matched
2026-06-29T22:48:16.834+05:30 TRACE 42682 --- [edge-service] [           main] o.s.c.g.c.c.OnEnabledPredicate           : Condition OnEnabledPredicate on org.springframework.cloud.gateway.config.GatewayAutoConfiguration#weightRoutePredicateFactory matched
2026-06-29T22:48:16.834+05:30 TRACE 42682 --- [edge-service] [           main] o.s.c.g.c.c.OnEnabledPredicate           : Condition OnEnabledPredicate on org.springframework.cloud.gateway.config.GatewayAutoConfiguration#cloudFoundryRouteServiceRoutePredicateFactory matched
2026-06-29T22:48:16.835+05:30 TRACE 42682 --- [edge-service] [           main] o.s.c.g.c.conditional.OnEnabledFilter    : Condition OnEnabledFilter on org.springframework.cloud.gateway.config.GatewayAutoConfiguration#addRequestHeaderGatewayFilterFactory matched
2026-06-29T22:48:16.835+05:30 TRACE 42682 --- [edge-service] [           main] o.s.c.g.c.conditional.OnEnabledFilter    : Condition OnEnabledFilter on org.springframework.cloud.gateway.config.GatewayAutoConfiguration#addRequestHeadersIfNotPresentGatewayFilterFactory matched
2026-06-29T22:48:16.835+05:30 TRACE 42682 --- [edge-service] [           main] o.s.c.g.c.conditional.OnEnabledFilter    : Condition OnEnabledFilter on org.springframework.cloud.gateway.config.GatewayAutoConfiguration#mapRequestHeaderGatewayFilterFactory matched
2026-06-29T22:48:16.835+05:30 TRACE 42682 --- [edge-service] [           main] o.s.c.g.c.conditional.OnEnabledFilter    : Condition OnEnabledFilter on org.springframework.cloud.gateway.config.GatewayAutoConfiguration#addRequestParameterGatewayFilterFactory matched
2026-06-29T22:48:16.835+05:30 TRACE 42682 --- [edge-service] [           main] o.s.c.g.c.conditional.OnEnabledFilter    : Condition OnEnabledFilter on org.springframework.cloud.gateway.config.GatewayAutoConfiguration#addResponseHeaderGatewayFilterFactory matched
2026-06-29T22:48:16.835+05:30 TRACE 42682 --- [edge-service] [           main] o.s.c.g.c.conditional.OnEnabledFilter    : Condition OnEnabledFilter on org.springframework.cloud.gateway.config.GatewayAutoConfiguration#modifyRequestBodyGatewayFilterFactory matched
2026-06-29T22:48:16.835+05:30 TRACE 42682 --- [edge-service] [           main] o.s.c.g.c.conditional.OnEnabledFilter    : Condition OnEnabledFilter on org.springframework.cloud.gateway.config.GatewayAutoConfiguration#dedupeResponseHeaderGatewayFilterFactory matched
2026-06-29T22:48:16.836+05:30 TRACE 42682 --- [edge-service] [           main] o.s.c.g.c.conditional.OnEnabledFilter    : Condition OnEnabledFilter on org.springframework.cloud.gateway.config.GatewayAutoConfiguration#modifyResponseBodyGatewayFilterFactory matched
2026-06-29T22:48:16.836+05:30 TRACE 42682 --- [edge-service] [           main] o.s.c.g.c.conditional.OnEnabledFilter    : Condition OnEnabledFilter on org.springframework.cloud.gateway.config.GatewayAutoConfiguration#cacheRequestBodyGatewayFilterFactory matched
2026-06-29T22:48:16.836+05:30 TRACE 42682 --- [edge-service] [           main] o.s.c.g.c.conditional.OnEnabledFilter    : Condition OnEnabledFilter on org.springframework.cloud.gateway.config.GatewayAutoConfiguration#prefixPathGatewayFilterFactory matched
2026-06-29T22:48:16.836+05:30 TRACE 42682 --- [edge-service] [           main] o.s.c.g.c.conditional.OnEnabledFilter    : Condition OnEnabledFilter on org.springframework.cloud.gateway.config.GatewayAutoConfiguration#preserveHostHeaderGatewayFilterFactory matched
2026-06-29T22:48:16.836+05:30 TRACE 42682 --- [edge-service] [           main] o.s.c.g.c.conditional.OnEnabledFilter    : Condition OnEnabledFilter on org.springframework.cloud.gateway.config.GatewayAutoConfiguration#redirectToGatewayFilterFactory matched
2026-06-29T22:48:16.836+05:30 TRACE 42682 --- [edge-service] [           main] o.s.c.g.c.conditional.OnEnabledFilter    : Condition OnEnabledFilter on org.springframework.cloud.gateway.config.GatewayAutoConfiguration#removeJsonAttributesResponseBodyGatewayFilterFactory matched
2026-06-29T22:48:16.836+05:30 TRACE 42682 --- [edge-service] [           main] o.s.c.g.c.conditional.OnEnabledFilter    : Condition OnEnabledFilter on org.springframework.cloud.gateway.config.GatewayAutoConfiguration#removeRequestHeaderGatewayFilterFactory matched
2026-06-29T22:48:16.836+05:30 TRACE 42682 --- [edge-service] [           main] o.s.c.g.c.conditional.OnEnabledFilter    : Condition OnEnabledFilter on org.springframework.cloud.gateway.config.GatewayAutoConfiguration#removeRequestParameterGatewayFilterFactory matched
2026-06-29T22:48:16.836+05:30 TRACE 42682 --- [edge-service] [           main] o.s.c.g.c.conditional.OnEnabledFilter    : Condition OnEnabledFilter on org.springframework.cloud.gateway.config.GatewayAutoConfiguration#removeResponseHeaderGatewayFilterFactory matched
2026-06-29T22:48:16.839+05:30 TRACE 42682 --- [edge-service] [           main] o.s.c.g.c.conditional.OnEnabledFilter    : Condition OnEnabledFilter on org.springframework.cloud.gateway.config.GatewayAutoConfiguration#rewritePathGatewayFilterFactory matched
2026-06-29T22:48:16.840+05:30 TRACE 42682 --- [edge-service] [           main] o.s.c.g.c.conditional.OnEnabledFilter    : Condition OnEnabledFilter on org.springframework.cloud.gateway.config.GatewayAutoConfiguration#retryGatewayFilterFactory matched
2026-06-29T22:48:16.840+05:30 TRACE 42682 --- [edge-service] [           main] o.s.c.g.c.conditional.OnEnabledFilter    : Condition OnEnabledFilter on org.springframework.cloud.gateway.config.GatewayAutoConfiguration#setPathGatewayFilterFactory matched
2026-06-29T22:48:16.840+05:30 TRACE 42682 --- [edge-service] [           main] o.s.c.g.c.conditional.OnEnabledFilter    : Condition OnEnabledFilter on org.springframework.cloud.gateway.config.GatewayAutoConfiguration#secureHeadersGatewayFilterFactory matched
2026-06-29T22:48:16.840+05:30 TRACE 42682 --- [edge-service] [           main] o.s.c.g.c.conditional.OnEnabledFilter    : Condition OnEnabledFilter on org.springframework.cloud.gateway.config.GatewayAutoConfiguration#setRequestHeaderGatewayFilterFactory matched
2026-06-29T22:48:16.840+05:30 TRACE 42682 --- [edge-service] [           main] o.s.c.g.c.conditional.OnEnabledFilter    : Condition OnEnabledFilter on org.springframework.cloud.gateway.config.GatewayAutoConfiguration#setRequestHostHeaderGatewayFilterFactory matched
2026-06-29T22:48:16.840+05:30 TRACE 42682 --- [edge-service] [           main] o.s.c.g.c.conditional.OnEnabledFilter    : Condition OnEnabledFilter on org.springframework.cloud.gateway.config.GatewayAutoConfiguration#setResponseHeaderGatewayFilterFactory matched
2026-06-29T22:48:16.840+05:30 TRACE 42682 --- [edge-service] [           main] o.s.c.g.c.conditional.OnEnabledFilter    : Condition OnEnabledFilter on org.springframework.cloud.gateway.config.GatewayAutoConfiguration#rewriteResponseHeaderGatewayFilterFactory matched
2026-06-29T22:48:16.840+05:30 TRACE 42682 --- [edge-service] [           main] o.s.c.g.c.conditional.OnEnabledFilter    : Condition OnEnabledFilter on org.springframework.cloud.gateway.config.GatewayAutoConfiguration#rewriteLocationResponseHeaderGatewayFilterFactory matched
2026-06-29T22:48:16.840+05:30 TRACE 42682 --- [edge-service] [           main] o.s.c.g.c.conditional.OnEnabledFilter    : Condition OnEnabledFilter on org.springframework.cloud.gateway.config.GatewayAutoConfiguration#setStatusGatewayFilterFactory matched
2026-06-29T22:48:16.841+05:30 TRACE 42682 --- [edge-service] [           main] o.s.c.g.c.conditional.OnEnabledFilter    : Condition OnEnabledFilter on org.springframework.cloud.gateway.config.GatewayAutoConfiguration#saveSessionGatewayFilterFactory matched
2026-06-29T22:48:16.841+05:30 TRACE 42682 --- [edge-service] [           main] o.s.c.g.c.conditional.OnEnabledFilter    : Condition OnEnabledFilter on org.springframework.cloud.gateway.config.GatewayAutoConfiguration#stripPrefixGatewayFilterFactory matched
2026-06-29T22:48:16.841+05:30 TRACE 42682 --- [edge-service] [           main] o.s.c.g.c.conditional.OnEnabledFilter    : Condition OnEnabledFilter on org.springframework.cloud.gateway.config.GatewayAutoConfiguration#requestHeaderToRequestUriGatewayFilterFactory matched
2026-06-29T22:48:16.841+05:30 TRACE 42682 --- [edge-service] [           main] o.s.c.g.c.conditional.OnEnabledFilter    : Condition OnEnabledFilter on org.springframework.cloud.gateway.config.GatewayAutoConfiguration#requestSizeGatewayFilterFactory matched
2026-06-29T22:48:16.841+05:30 TRACE 42682 --- [edge-service] [           main] o.s.c.g.c.conditional.OnEnabledFilter    : Condition OnEnabledFilter on org.springframework.cloud.gateway.config.GatewayAutoConfiguration#requestHeaderSizeGatewayFilterFactory matched
2026-06-29T22:48:16.841+05:30 TRACE 42682 --- [edge-service] [           main] o.s.c.g.c.conditional.OnEnabledFilter    : Condition OnEnabledFilter on org.springframework.cloud.gateway.config.GatewayAutoConfiguration#rewriteRequestParameterGatewayFilterFactory matched
2026-06-29T22:48:16.944+05:30  INFO 42682 --- [edge-service] [           main] o.s.cloud.context.scope.GenericScope     : BeanFactory id=3130a54c-1003-3e3e-aa53-6102802ca177
2026-06-29T22:48:17.166+05:30 DEBUG 42682 --- [edge-service] [           main] o.s.c.gateway.config.GatewayProperties   : Routes supplied from Gateway Properties: [RouteDefinition{id='example_route', predicates=[PredicateDefinition{name='Path', args={_genkey_0=/example/**}}], filters=[FilterDefinition{name='StripPrefix', args={_genkey_0=1}}, FilterDefinition{name='AddRequestHeader', args={_genkey_0=X-Example-Request, _genkey_1=GatewayVal}}, FilterDefinition{name='AddResponseHeader', args={_genkey_0=X-Example-Response, _genkey_1=GatewayVal}}], uri=http://example.org, order=0, metadata={}, enabled=true}, RouteDefinition{id='employee_route', predicates=[PredicateDefinition{name='Path', args={_genkey_0=/employee/**}}, PredicateDefinition{name='Method', args={_genkey_0=GET, _genkey_1=POST, _genkey_2=PUT, _genkey_3=DELETE}}], filters=[FilterDefinition{name='StripPrefix', args={_genkey_0=0}}, FilterDefinition{name='AddRequestHeader', args={_genkey_0=X-Source, _genkey_1=Gateway-API}}, FilterDefinition{name='AddResponseHeader', args={_genkey_0=X-Gateway-Processed, _genkey_1=True}}], uri=http://localhost:8081, order=0, metadata={}, enabled=true}, RouteDefinition{id='advanced_route', predicates=[PredicateDefinition{name='Path', args={_genkey_0=/showcase/**}}, PredicateDefinition{name='Header', args={_genkey_0=X-Gateway-Test, _genkey_1=^Showcase.*$}}, PredicateDefinition{name='Cookie', args={_genkey_0=user-type, _genkey_1=premium}}, PredicateDefinition{name='Query', args={_genkey_0=debug, _genkey_1=true}}, PredicateDefinition{name='Host', args={_genkey_0=**.cognizant.com}}], filters=[FilterDefinition{name='StripPrefix', args={_genkey_0=1}}, FilterDefinition{name='AddRequestHeader', args={_genkey_0=X-Showcase-Header, _genkey_1=ShowcaseValue}}, FilterDefinition{name='RemoveRequestHeader', args={_genkey_0=Cookie}}, FilterDefinition{name='SetPath', args={_genkey_0=/get}}], uri=http://httpbin.org, order=0, metadata={}, enabled=true}]
2026-06-29T22:48:17.273+05:30  INFO 42682 --- [edge-service] [           main] o.s.c.g.r.RouteDefinitionRouteLocator    : Loaded RoutePredicateFactory [After]
2026-06-29T22:48:17.273+05:30  INFO 42682 --- [edge-service] [           main] o.s.c.g.r.RouteDefinitionRouteLocator    : Loaded RoutePredicateFactory [Before]
2026-06-29T22:48:17.273+05:30  INFO 42682 --- [edge-service] [           main] o.s.c.g.r.RouteDefinitionRouteLocator    : Loaded RoutePredicateFactory [Between]
2026-06-29T22:48:17.274+05:30  INFO 42682 --- [edge-service] [           main] o.s.c.g.r.RouteDefinitionRouteLocator    : Loaded RoutePredicateFactory [Cookie]
2026-06-29T22:48:17.274+05:30  INFO 42682 --- [edge-service] [           main] o.s.c.g.r.RouteDefinitionRouteLocator    : Loaded RoutePredicateFactory [Header]
2026-06-29T22:48:17.274+05:30  INFO 42682 --- [edge-service] [           main] o.s.c.g.r.RouteDefinitionRouteLocator    : Loaded RoutePredicateFactory [Host]
2026-06-29T22:48:17.274+05:30  INFO 42682 --- [edge-service] [           main] o.s.c.g.r.RouteDefinitionRouteLocator    : Loaded RoutePredicateFactory [Method]
2026-06-29T22:48:17.274+05:30  INFO 42682 --- [edge-service] [           main] o.s.c.g.r.RouteDefinitionRouteLocator    : Loaded RoutePredicateFactory [Path]
2026-06-29T22:48:17.274+05:30  INFO 42682 --- [edge-service] [           main] o.s.c.g.r.RouteDefinitionRouteLocator    : Loaded RoutePredicateFactory [Query]
2026-06-29T22:48:17.274+05:30  INFO 42682 --- [edge-service] [           main] o.s.c.g.r.RouteDefinitionRouteLocator    : Loaded RoutePredicateFactory [ReadBody]
2026-06-29T22:48:17.274+05:30  INFO 42682 --- [edge-service] [           main] o.s.c.g.r.RouteDefinitionRouteLocator    : Loaded RoutePredicateFactory [RemoteAddr]
2026-06-29T22:48:17.274+05:30  INFO 42682 --- [edge-service] [           main] o.s.c.g.r.RouteDefinitionRouteLocator    : Loaded RoutePredicateFactory [XForwardedRemoteAddr]
2026-06-29T22:48:17.274+05:30  INFO 42682 --- [edge-service] [           main] o.s.c.g.r.RouteDefinitionRouteLocator    : Loaded RoutePredicateFactory [Weight]
2026-06-29T22:48:17.274+05:30  INFO 42682 --- [edge-service] [           main] o.s.c.g.r.RouteDefinitionRouteLocator    : Loaded RoutePredicateFactory [CloudFoundryRouteService]
2026-06-29T22:48:17.305+05:30 DEBUG 42682 --- [edge-service] [           main] o.s.w.r.handler.SimpleUrlHandlerMapping  : Patterns [/webjars/**, /**] in 'resourceHandlerMapping'
2026-06-29T22:48:17.354+05:30  INFO 42682 --- [edge-service] [           main] o.s.b.a.e.web.EndpointLinksResolver      : Exposing 3 endpoints beneath base path '/actuator'
2026-06-29T22:48:17.377+05:30 DEBUG 42682 --- [edge-service] [           main] o.s.w.r.r.m.a.ControllerMethodResolver   : ControllerAdvice beans: none
2026-06-29T22:48:17.488+05:30  INFO 42682 --- [edge-service] [           main] o.s.b.web.embedded.netty.NettyWebServer  : Netty started on port 60014 (http)
2026-06-29T22:48:17.507+05:30 DEBUG 42682 --- [edge-service] [           main] o.s.c.g.r.RouteDefinitionRouteLocator    : RouteDefinition example_route applying {_genkey_0=/example/**} to Path
2026-06-29T22:48:17.514+05:30 DEBUG 42682 --- [edge-service] [           main] o.s.c.g.r.RouteDefinitionRouteLocator    : RouteDefinition example_route applying filter {_genkey_0=1} to StripPrefix
2026-06-29T22:48:17.516+05:30 DEBUG 42682 --- [edge-service] [           main] o.s.c.g.r.RouteDefinitionRouteLocator    : RouteDefinition example_route applying filter {_genkey_0=X-Example-Request, _genkey_1=GatewayVal} to AddRequestHeader
2026-06-29T22:48:17.521+05:30 DEBUG 42682 --- [edge-service] [           main] o.s.c.g.r.RouteDefinitionRouteLocator    : RouteDefinition example_route applying filter {_genkey_0=X-Example-Response, _genkey_1=GatewayVal} to AddResponseHeader
2026-06-29T22:48:17.524+05:30 DEBUG 42682 --- [edge-service] [           main] o.s.c.g.r.RouteDefinitionRouteLocator    : RouteDefinition matched: example_route
2026-06-29T22:48:17.524+05:30 DEBUG 42682 --- [edge-service] [           main] o.s.c.g.r.RouteDefinitionRouteLocator    : RouteDefinition employee_route applying {_genkey_0=/employee/**} to Path
2026-06-29T22:48:17.525+05:30 DEBUG 42682 --- [edge-service] [           main] o.s.c.g.r.RouteDefinitionRouteLocator    : RouteDefinition employee_route applying {_genkey_0=GET, _genkey_1=POST, _genkey_2=PUT, _genkey_3=DELETE} to Method
2026-06-29T22:48:17.527+05:30 DEBUG 42682 --- [edge-service] [           main] o.s.c.g.r.RouteDefinitionRouteLocator    : RouteDefinition employee_route applying filter {_genkey_0=0} to StripPrefix
2026-06-29T22:48:17.527+05:30 DEBUG 42682 --- [edge-service] [           main] o.s.c.g.r.RouteDefinitionRouteLocator    : RouteDefinition employee_route applying filter {_genkey_0=X-Source, _genkey_1=Gateway-API} to AddRequestHeader
2026-06-29T22:48:17.527+05:30 DEBUG 42682 --- [edge-service] [           main] o.s.c.g.r.RouteDefinitionRouteLocator    : RouteDefinition employee_route applying filter {_genkey_0=X-Gateway-Processed, _genkey_1=True} to AddResponseHeader
2026-06-29T22:48:17.528+05:30 DEBUG 42682 --- [edge-service] [           main] o.s.c.g.r.RouteDefinitionRouteLocator    : RouteDefinition matched: employee_route
2026-06-29T22:48:17.528+05:30 DEBUG 42682 --- [edge-service] [           main] o.s.c.g.r.RouteDefinitionRouteLocator    : RouteDefinition advanced_route applying {_genkey_0=/showcase/**} to Path
2026-06-29T22:48:17.528+05:30 DEBUG 42682 --- [edge-service] [           main] o.s.c.g.r.RouteDefinitionRouteLocator    : RouteDefinition advanced_route applying {_genkey_0=X-Gateway-Test, _genkey_1=^Showcase.*$} to Header
2026-06-29T22:48:17.529+05:30 DEBUG 42682 --- [edge-service] [           main] o.s.c.g.r.RouteDefinitionRouteLocator    : RouteDefinition advanced_route applying {_genkey_0=user-type, _genkey_1=premium} to Cookie
2026-06-29T22:48:17.530+05:30 DEBUG 42682 --- [edge-service] [           main] o.s.c.g.r.RouteDefinitionRouteLocator    : RouteDefinition advanced_route applying {_genkey_0=debug, _genkey_1=true} to Query
2026-06-29T22:48:17.531+05:30 DEBUG 42682 --- [edge-service] [           main] o.s.c.g.r.RouteDefinitionRouteLocator    : RouteDefinition advanced_route applying {_genkey_0=**.cognizant.com} to Host
2026-06-29T22:48:17.532+05:30 DEBUG 42682 --- [edge-service] [           main] o.s.c.g.r.RouteDefinitionRouteLocator    : RouteDefinition advanced_route applying filter {_genkey_0=1} to StripPrefix
2026-06-29T22:48:17.533+05:30 DEBUG 42682 --- [edge-service] [           main] o.s.c.g.r.RouteDefinitionRouteLocator    : RouteDefinition advanced_route applying filter {_genkey_0=X-Showcase-Header, _genkey_1=ShowcaseValue} to AddRequestHeader
2026-06-29T22:48:17.533+05:30 DEBUG 42682 --- [edge-service] [           main] o.s.c.g.r.RouteDefinitionRouteLocator    : RouteDefinition advanced_route applying filter {_genkey_0=Cookie} to RemoveRequestHeader
2026-06-29T22:48:17.533+05:30 DEBUG 42682 --- [edge-service] [           main] o.s.c.g.r.RouteDefinitionRouteLocator    : RouteDefinition advanced_route applying filter {_genkey_0=/get} to SetPath
2026-06-29T22:48:17.535+05:30 DEBUG 42682 --- [edge-service] [           main] o.s.c.g.r.RouteDefinitionRouteLocator    : RouteDefinition matched: advanced_route
2026-06-29T22:48:17.538+05:30 DEBUG 42682 --- [edge-service] [           main] o.s.c.g.filter.GatewayMetricsFilter      : New routes count: 3
2026-06-29T22:48:17.539+05:30  INFO 42682 --- [edge-service] [           main] c.c.e.EdgeServiceApplicationTests        : Started EdgeServiceApplicationTests in 1.113 seconds (process running for 1.528)
2026-06-29T22:48:17.890+05:30 DEBUG 42682 --- [edge-service] [           main] o.s.w.r.f.client.ExchangeFunctions       : [1b06dc57] HTTP GET http://localhost:60014/actuator/health
2026-06-29T22:48:17.905+05:30 ERROR 42682 --- [edge-service] [           main] i.n.r.d.DnsServerAddressStreamProviders  : Unable to load io.netty.resolver.dns.macos.MacOSDnsServerAddressStreamProvider, fallback to system defaults. This may result in incorrect DNS resolutions on MacOS. Check whether you have a dependency on 'io.netty:netty-resolver-dns-native-macos'. Use DEBUG level to see the full stack: java.lang.UnsatisfiedLinkError: failed to load the required native library
2026-06-29T22:48:17.961+05:30 TRACE 42682 --- [edge-service] [flux-http-nio-2] o.s.c.g.f.WeightCalculatorWebFilter      : Weights attr: {}
2026-06-29T22:48:17.978+05:30 DEBUG 42682 --- [edge-service] [oundedElastic-4] .s.w.r.r.m.a.ResponseEntityResultHandler : [68998311-1] Using 'application/vnd.spring-boot.actuator.v3+json' given [*/*] and supported [application/vnd.spring-boot.actuator.v3+json, application/vnd.spring-boot.actuator.v2+json, application/json]
2026-06-29T22:48:17.978+05:30 DEBUG 42682 --- [edge-service] [oundedElastic-4] .s.w.r.r.m.a.ResponseEntityResultHandler : [68998311-1] 0..1 [org.springframework.boot.actuate.health.SystemHealth]
2026-06-29T22:48:18.002+05:30 DEBUG 42682 --- [edge-service] [ctor-http-nio-2] o.s.w.r.f.client.ExchangeFunctions       : [1b06dc57] [41b3161c-1] Response 200 OK
]]></system-out>
    <system-err><![CDATA[Mockito is currently self-attaching to enable the inline-mock-maker. This will no longer work in future releases of the JDK. Please add Mockito as an agent to your build what is described in Mockito's documentation: https://javadoc.io/doc/org.mockito/mockito-core/latest/org/mockito/Mockito.html#0.3
WARNING: A Java agent has been loaded dynamically (/Users/bharathbodduvenkata/.m2/repository/net/bytebuddy/byte-buddy-agent/1.15.11/byte-buddy-agent-1.15.11.jar)
WARNING: If a serviceability tool is in use, please run with -XX:+EnableDynamicAgentLoading to hide this warning
WARNING: If a serviceability tool is not in use, please run with -Djdk.instrument.traceUsage for more information
WARNING: Dynamic loading of agents will be disallowed by default in a future release
]]></system-err>
  </testcase>
  <testcase name="testGlobalExceptionHandlerFor404" classname="com.cognizant.edgeservice.EdgeServiceApplicationTests" time="0.014">
    <system-out><![CDATA[2026-06-29T22:48:18.028+05:30 DEBUG 42682 --- [edge-service] [           main] o.s.w.r.f.client.ExchangeFunctions       : [b6b746b] HTTP GET http://localhost:60014/non-existent-endpoint
2026-06-29T22:48:18.030+05:30 TRACE 42682 --- [edge-service] [flux-http-nio-2] o.s.c.g.f.WeightCalculatorWebFilter      : Weights attr: {}
2026-06-29T22:48:18.031+05:30 TRACE 42682 --- [edge-service] [flux-http-nio-2] o.s.c.g.h.p.PathRoutePredicateFactory    : Pattern "[/java/employee/**]" does not match against value "/non-existent-endpoint"
2026-06-29T22:48:18.031+05:30 TRACE 42682 --- [edge-service] [flux-http-nio-2] o.s.c.g.h.p.PathRoutePredicateFactory    : Pattern "[/java/department/**]" does not match against value "/non-existent-endpoint"
2026-06-29T22:48:18.031+05:30 TRACE 42682 --- [edge-service] [flux-http-nio-2] o.s.c.g.h.p.PathRoutePredicateFactory    : Pattern "[/example/**]" does not match against value "/non-existent-endpoint"
2026-06-29T22:48:18.032+05:30 TRACE 42682 --- [edge-service] [flux-http-nio-2] o.s.c.g.h.p.PathRoutePredicateFactory    : Pattern "[/employee/**]" does not match against value "/non-existent-endpoint"
2026-06-29T22:48:18.032+05:30 TRACE 42682 --- [edge-service] [flux-http-nio-2] o.s.c.g.h.p.PathRoutePredicateFactory    : Pattern "[/showcase/**]" does not match against value "/non-existent-endpoint"
2026-06-29T22:48:18.032+05:30 TRACE 42682 --- [edge-service] [flux-http-nio-2] o.s.c.g.h.RoutePredicateHandlerMapping   : No RouteDefinition found for [Exchange: GET http://localhost:60014/non-existent-endpoint]
2026-06-29T22:48:18.033+05:30 DEBUG 42682 --- [edge-service] [flux-http-nio-2] o.s.w.r.handler.SimpleUrlHandlerMapping  : [68998311-2] Mapped to ResourceWebHandler [classpath [META-INF/resources/], classpath [resources/], classpath [static/], classpath [public/]]
2026-06-29T22:48:18.034+05:30 DEBUG 42682 --- [edge-service] [flux-http-nio-2] o.s.w.r.resource.ResourceWebHandler      : [68998311-2] Resource not found
2026-06-29T22:48:18.035+05:30 ERROR 42682 --- [edge-service] [flux-http-nio-2] c.c.e.exception.GlobalExceptionHandler   : [GATEWAY-ERROR] Exception: NoResourceFoundException, Path: /non-existent-endpoint, Status: 404, Message: No static resource non-existent-endpoint., TrackingID: 11933fd5-d615-4089-b2f1-dd614fd8ae56

org.springframework.web.reactive.resource.NoResourceFoundException: 404 NOT_FOUND "No static resource non-existent-endpoint."
	at org.springframework.web.reactive.resource.ResourceWebHandler.lambda$handle$1(ResourceWebHandler.java:432) ~[spring-webflux-6.2.1.jar:6.2.1]
	Suppressed: reactor.core.publisher.FluxOnAssembly$OnAssemblyException: 
Error has been observed at the following site(s):
	*__checkpoint ⇢ org.springframework.cloud.gateway.filter.WeightCalculatorWebFilter [DefaultWebFilterChain]
	*__checkpoint ⇢ HTTP GET "/non-existent-endpoint" [ExceptionHandlingWebHandler]
Original Stack Trace:
		at org.springframework.web.reactive.resource.ResourceWebHandler.lambda$handle$1(ResourceWebHandler.java:432) ~[spring-webflux-6.2.1.jar:6.2.1]
		at reactor.core.publisher.MonoDefer.subscribe(MonoDefer.java:45) ~[reactor-core-3.7.1.jar:3.7.1]
		at reactor.core.publisher.Mono.subscribe(Mono.java:4576) ~[reactor-core-3.7.1.jar:3.7.1]
		at reactor.core.publisher.FluxSwitchIfEmpty$SwitchIfEmptySubscriber.onComplete(FluxSwitchIfEmpty.java:82) ~[reactor-core-3.7.1.jar:3.7.1]
		at reactor.core.publisher.MonoFlatMap$FlatMapMain.onComplete(MonoFlatMap.java:189) ~[reactor-core-3.7.1.jar:3.7.1]
		at reactor.core.publisher.MonoNext$NextSubscriber.onComplete(MonoNext.java:102) ~[reactor-core-3.7.1.jar:3.7.1]
		at reactor.core.publisher.FluxConcatMapNoPrefetch$FluxConcatMapNoPrefetchSubscriber.onComplete(FluxConcatMapNoPrefetch.java:241) ~[reactor-core-3.7.1.jar:3.7.1]
		at reactor.core.publisher.FluxIterable$IterableSubscription.slowPath(FluxIterable.java:357) ~[reactor-core-3.7.1.jar:3.7.1]
		at reactor.core.publisher.FluxIterable$IterableSubscription.request(FluxIterable.java:294) ~[reactor-core-3.7.1.jar:3.7.1]
		at reactor.core.publisher.FluxConcatMapNoPrefetch$FluxConcatMapNoPrefetchSubscriber.request(FluxConcatMapNoPrefetch.java:337) ~[reactor-core-3.7.1.jar:3.7.1]
		at reactor.core.publisher.MonoNext$NextSubscriber.request(MonoNext.java:108) ~[reactor-core-3.7.1.jar:3.7.1]
		at reactor.core.publisher.MonoFlatMap$FlatMapMain.request(MonoFlatMap.java:194) ~[reactor-core-3.7.1.jar:3.7.1]
		at reactor.core.publisher.Operators$MultiSubscriptionSubscriber.set(Operators.java:2367) ~[reactor-core-3.7.1.jar:3.7.1]
		at reactor.core.publisher.Operators$MultiSubscriptionSubscriber.onSubscribe(Operators.java:2241) ~[reactor-core-3.7.1.jar:3.7.1]
		at reactor.core.publisher.MonoFlatMap$FlatMapMain.onSubscribe(MonoFlatMap.java:117) ~[reactor-core-3.7.1.jar:3.7.1]
		at reactor.core.publisher.MonoNext$NextSubscriber.onSubscribe(MonoNext.java:70) ~[reactor-core-3.7.1.jar:3.7.1]
		at reactor.core.publisher.FluxConcatMapNoPrefetch$FluxConcatMapNoPrefetchSubscriber.onSubscribe(FluxConcatMapNoPrefetch.java:164) ~[reactor-core-3.7.1.jar:3.7.1]
		at reactor.core.publisher.FluxIterable.subscribe(FluxIterable.java:201) ~[reactor-core-3.7.1.jar:3.7.1]
		at reactor.core.publisher.FluxIterable.subscribe(FluxIterable.java:83) ~[reactor-core-3.7.1.jar:3.7.1]
		at reactor.core.publisher.Mono.subscribe(Mono.java:4576) ~[reactor-core-3.7.1.jar:3.7.1]
		at reactor.core.publisher.MonoIgnoreThen$ThenIgnoreMain.subscribeNext(MonoIgnoreThen.java:265) ~[reactor-core-3.7.1.jar:3.7.1]
		at reactor.core.publisher.MonoIgnoreThen.subscribe(MonoIgnoreThen.java:51) ~[reactor-core-3.7.1.jar:3.7.1]
		at reactor.core.publisher.InternalMonoOperator.subscribe(InternalMonoOperator.java:76) ~[reactor-core-3.7.1.jar:3.7.1]
		at reactor.core.publisher.MonoFlatMap$FlatMapMain.onNext(MonoFlatMap.java:165) ~[reactor-core-3.7.1.jar:3.7.1]
		at reactor.core.publisher.FluxOnErrorResume$ResumeSubscriber.onNext(FluxOnErrorResume.java:79) ~[reactor-core-3.7.1.jar:3.7.1]
		at reactor.core.publisher.FluxSwitchIfEmpty$SwitchIfEmptySubscriber.onNext(FluxSwitchIfEmpty.java:74) ~[reactor-core-3.7.1.jar:3.7.1]
		at reactor.core.publisher.MonoNext$NextSubscriber.onNext(MonoNext.java:82) ~[reactor-core-3.7.1.jar:3.7.1]
		at reactor.core.publisher.FluxConcatMapNoPrefetch$FluxConcatMapNoPrefetchSubscriber.innerNext(FluxConcatMapNoPrefetch.java:259) ~[reactor-core-3.7.1.jar:3.7.1]
		at reactor.core.publisher.FluxConcatMap$ConcatMapInner.onNext(FluxConcatMap.java:865) ~[reactor-core-3.7.1.jar:3.7.1]
		at reactor.core.publisher.FluxMapFuseable$MapFuseableSubscriber.onNext(FluxMapFuseable.java:129) ~[reactor-core-3.7.1.jar:3.7.1]
		at reactor.core.publisher.Operators$ScalarSubscription.request(Operators.java:2571) ~[reactor-core-3.7.1.jar:3.7.1]
		at reactor.core.publisher.FluxMapFuseable$MapFuseableSubscriber.request(FluxMapFuseable.java:171) ~[reactor-core-3.7.1.jar:3.7.1]
		at reactor.core.publisher.Operators$MultiSubscriptionSubscriber.set(Operators.java:2367) ~[reactor-core-3.7.1.jar:3.7.1]
		at reactor.core.publisher.Operators$MultiSubscriptionSubscriber.onSubscribe(Operators.java:2241) ~[reactor-core-3.7.1.jar:3.7.1]
		at reactor.core.publisher.FluxMapFuseable$MapFuseableSubscriber.onSubscribe(FluxMapFuseable.java:96) ~[reactor-core-3.7.1.jar:3.7.1]
		at reactor.core.publisher.MonoJust.subscribe(MonoJust.java:55) ~[reactor-core-3.7.1.jar:3.7.1]
		at reactor.core.publisher.Mono.subscribe(Mono.java:4576) ~[reactor-core-3.7.1.jar:3.7.1]
		at reactor.core.publisher.FluxConcatMapNoPrefetch$FluxConcatMapNoPrefetchSubscriber.onNext(FluxConcatMapNoPrefetch.java:207) ~[reactor-core-3.7.1.jar:3.7.1]
		at reactor.core.publisher.FluxIterable$IterableSubscription.slowPath(FluxIterable.java:335) ~[reactor-core-3.7.1.jar:3.7.1]
		at reactor.core.publisher.FluxIterable$IterableSubscription.request(FluxIterable.java:294) ~[reactor-core-3.7.1.jar:3.7.1]
		at reactor.core.publisher.FluxConcatMapNoPrefetch$FluxConcatMapNoPrefetchSubscriber.innerComplete(FluxConcatMapNoPrefetch.java:275) ~[reactor-core-3.7.1.jar:3.7.1]
		at reactor.core.publisher.FluxConcatMap$ConcatMapInner.onComplete(FluxConcatMap.java:889) ~[reactor-core-3.7.1.jar:3.7.1]
		at reactor.core.publisher.FluxMap$MapSubscriber.onComplete(FluxMap.java:144) ~[reactor-core-3.7.1.jar:3.7.1]
		at reactor.core.publisher.FluxSwitchIfEmpty$SwitchIfEmptySubscriber.onComplete(FluxSwitchIfEmpty.java:85) ~[reactor-core-3.7.1.jar:3.7.1]
		at reactor.core.publisher.MonoIgnoreThen$ThenIgnoreMain.onComplete(MonoIgnoreThen.java:210) ~[reactor-core-3.7.1.jar:3.7.1]
		at reactor.core.publisher.MonoIgnoreThen$ThenIgnoreMain.subscribeNext(MonoIgnoreThen.java:239) ~[reactor-core-3.7.1.jar:3.7.1]
		at reactor.core.publisher.MonoIgnoreThen.subscribe(MonoIgnoreThen.java:51) ~[reactor-core-3.7.1.jar:3.7.1]
		at reactor.core.publisher.Mono.subscribe(Mono.java:4576) ~[reactor-core-3.7.1.jar:3.7.1]
		at reactor.core.publisher.FluxSwitchIfEmpty$SwitchIfEmptySubscriber.onComplete(FluxSwitchIfEmpty.java:82) ~[reactor-core-3.7.1.jar:3.7.1]
		at reactor.core.publisher.FluxMap$MapSubscriber.onComplete(FluxMap.java:144) ~[reactor-core-3.7.1.jar:3.7.1]
		at reactor.core.publisher.FluxMap$MapSubscriber.onComplete(FluxMap.java:144) ~[reactor-core-3.7.1.jar:3.7.1]
		at reactor.core.publisher.MonoNext$NextSubscriber.onComplete(MonoNext.java:102) ~[reactor-core-3.7.1.jar:3.7.1]
		at reactor.core.publisher.FluxFilterWhen$FluxFilterWhenSubscriber.drain(FluxFilterWhen.java:236) ~[reactor-core-3.7.1.jar:3.7.1]
		at reactor.core.publisher.FluxFilterWhen$FluxFilterWhenSubscriber.request(FluxFilterWhen.java:160) ~[reactor-core-3.7.1.jar:3.7.1]
		at reactor.core.publisher.MonoNext$NextSubscriber.request(MonoNext.java:108) ~[reactor-core-3.7.1.jar:3.7.1]
		at reactor.core.publisher.FluxMap$MapSubscriber.request(FluxMap.java:164) ~[reactor-core-3.7.1.jar:3.7.1]
		at reactor.core.publisher.FluxMap$MapSubscriber.request(FluxMap.java:164) ~[reactor-core-3.7.1.jar:3.7.1]
		at reactor.core.publisher.Operators$MultiSubscriptionSubscriber.request(Operators.java:2331) ~[reactor-core-3.7.1.jar:3.7.1]
		at reactor.core.publisher.FluxMap$MapSubscriber.request(FluxMap.java:164) ~[reactor-core-3.7.1.jar:3.7.1]
		at reactor.core.publisher.Operators$MultiSubscriptionSubscriber.request(Operators.java:2331) ~[reactor-core-3.7.1.jar:3.7.1]
		at reactor.core.publisher.FluxConcatMapNoPrefetch$FluxConcatMapNoPrefetchSubscriber.request(FluxConcatMapNoPrefetch.java:339) ~[reactor-core-3.7.1.jar:3.7.1]
		at reactor.core.publisher.MonoNext$NextSubscriber.request(MonoNext.java:108) ~[reactor-core-3.7.1.jar:3.7.1]
		at reactor.core.publisher.Operators$MultiSubscriptionSubscriber.set(Operators.java:2367) ~[reactor-core-3.7.1.jar:3.7.1]
		at reactor.core.publisher.Operators$MultiSubscriptionSubscriber.onSubscribe(Operators.java:2241) ~[reactor-core-3.7.1.jar:3.7.1]
		at reactor.core.publisher.MonoNext$NextSubscriber.onSubscribe(MonoNext.java:70) ~[reactor-core-3.7.1.jar:3.7.1]
		at reactor.core.publisher.FluxConcatMapNoPrefetch$FluxConcatMapNoPrefetchSubscriber.onSubscribe(FluxConcatMapNoPrefetch.java:164) ~[reactor-core-3.7.1.jar:3.7.1]
		at reactor.core.publisher.FluxIterable.subscribe(FluxIterable.java:201) ~[reactor-core-3.7.1.jar:3.7.1]
		at reactor.core.publisher.FluxIterable.subscribe(FluxIterable.java:83) ~[reactor-core-3.7.1.jar:3.7.1]
		at reactor.core.publisher.InternalMonoOperator.subscribe(InternalMonoOperator.java:76) ~[reactor-core-3.7.1.jar:3.7.1]
		at reactor.core.publisher.MonoDefer.subscribe(MonoDefer.java:53) ~[reactor-core-3.7.1.jar:3.7.1]
		at reactor.core.publisher.InternalMonoOperator.subscribe(InternalMonoOperator.java:76) ~[reactor-core-3.7.1.jar:3.7.1]
		at reactor.core.publisher.MonoDefer.subscribe(MonoDefer.java:53) ~[reactor-core-3.7.1.jar:3.7.1]
		at reactor.core.publisher.Mono.subscribe(Mono.java:4576) ~[reactor-core-3.7.1.jar:3.7.1]
		at reactor.core.publisher.MonoIgnoreThen$ThenIgnoreMain.subscribeNext(MonoIgnoreThen.java:265) ~[reactor-core-3.7.1.jar:3.7.1]
		at reactor.core.publisher.MonoIgnoreThen.subscribe(MonoIgnoreThen.java:51) ~[reactor-core-3.7.1.jar:3.7.1]
		at reactor.core.publisher.InternalMonoOperator.subscribe(InternalMonoOperator.java:76) ~[reactor-core-3.7.1.jar:3.7.1]
		at reactor.core.publisher.MonoDeferContextual.subscribe(MonoDeferContextual.java:55) ~[reactor-core-3.7.1.jar:3.7.1]
		at reactor.netty.http.server.HttpServer$HttpServerHandle.onStateChange(HttpServer.java:1211) ~[reactor-netty-http-1.2.1.jar:1.2.1]
		at reactor.netty.ReactorNetty$CompositeConnectionObserver.onStateChange(ReactorNetty.java:716) ~[reactor-netty-core-1.2.1.jar:1.2.1]
		at reactor.netty.transport.ServerTransport$ChildObserver.onStateChange(ServerTransport.java:486) ~[reactor-netty-core-1.2.1.jar:1.2.1]
		at reactor.netty.http.server.HttpServerOperations.handleDefaultHttpRequest(HttpServerOperations.java:843) ~[reactor-netty-http-1.2.1.jar:1.2.1]
		at reactor.netty.http.server.HttpServerOperations.onInboundNext(HttpServerOperations.java:776) ~[reactor-netty-http-1.2.1.jar:1.2.1]
		at reactor.netty.channel.ChannelOperationsHandler.channelRead(ChannelOperationsHandler.java:115) ~[reactor-netty-core-1.2.1.jar:1.2.1]
		at io.netty.channel.AbstractChannelHandlerContext.invokeChannelRead(AbstractChannelHandlerContext.java:444) ~[netty-transport-4.1.116.Final.jar:4.1.116.Final]
		at io.netty.channel.AbstractChannelHandlerContext.invokeChannelRead(AbstractChannelHandlerContext.java:420) ~[netty-transport-4.1.116.Final.jar:4.1.116.Final]
		at io.netty.channel.AbstractChannelHandlerContext.fireChannelRead(AbstractChannelHandlerContext.java:412) ~[netty-transport-4.1.116.Final.jar:4.1.116.Final]
		at reactor.netty.http.server.HttpTrafficHandler.channelRead(HttpTrafficHandler.java:267) ~[reactor-netty-http-1.2.1.jar:1.2.1]
		at io.netty.channel.AbstractChannelHandlerContext.invokeChannelRead(AbstractChannelHandlerContext.java:442) ~[netty-transport-4.1.116.Final.jar:4.1.116.Final]
		at io.netty.channel.AbstractChannelHandlerContext.invokeChannelRead(AbstractChannelHandlerContext.java:420) ~[netty-transport-4.1.116.Final.jar:4.1.116.Final]
		at io.netty.channel.AbstractChannelHandlerContext.fireChannelRead(AbstractChannelHandlerContext.java:412) ~[netty-transport-4.1.116.Final.jar:4.1.116.Final]
		at io.netty.channel.CombinedChannelDuplexHandler$DelegatingChannelHandlerContext.fireChannelRead(CombinedChannelDuplexHandler.java:436) ~[netty-transport-4.1.116.Final.jar:4.1.116.Final]
		at io.netty.handler.codec.ByteToMessageDecoder.fireChannelRead(ByteToMessageDecoder.java:346) ~[netty-codec-4.1.116.Final.jar:4.1.116.Final]
		at io.netty.handler.codec.ByteToMessageDecoder.channelRead(ByteToMessageDecoder.java:318) ~[netty-codec-4.1.116.Final.jar:4.1.116.Final]
		at io.netty.channel.CombinedChannelDuplexHandler.channelRead(CombinedChannelDuplexHandler.java:251) ~[netty-transport-4.1.116.Final.jar:4.1.116.Final]
		at io.netty.channel.AbstractChannelHandlerContext.invokeChannelRead(AbstractChannelHandlerContext.java:442) ~[netty-transport-4.1.116.Final.jar:4.1.116.Final]
		at io.netty.channel.AbstractChannelHandlerContext.invokeChannelRead(AbstractChannelHandlerContext.java:420) ~[netty-transport-4.1.116.Final.jar:4.1.116.Final]
		at io.netty.channel.AbstractChannelHandlerContext.fireChannelRead(AbstractChannelHandlerContext.java:412) ~[netty-transport-4.1.116.Final.jar:4.1.116.Final]
		at io.netty.channel.DefaultChannelPipeline$HeadContext.channelRead(DefaultChannelPipeline.java:1357) ~[netty-transport-4.1.116.Final.jar:4.1.116.Final]
		at io.netty.channel.AbstractChannelHandlerContext.invokeChannelRead(AbstractChannelHandlerContext.java:440) ~[netty-transport-4.1.116.Final.jar:4.1.116.Final]
		at io.netty.channel.AbstractChannelHandlerContext.invokeChannelRead(AbstractChannelHandlerContext.java:420) ~[netty-transport-4.1.116.Final.jar:4.1.116.Final]
		at io.netty.channel.DefaultChannelPipeline.fireChannelRead(DefaultChannelPipeline.java:868) ~[netty-transport-4.1.116.Final.jar:4.1.116.Final]
		at io.netty.channel.nio.AbstractNioByteChannel$NioByteUnsafe.read(AbstractNioByteChannel.java:166) ~[netty-transport-4.1.116.Final.jar:4.1.116.Final]
		at io.netty.channel.nio.NioEventLoop.processSelectedKey(NioEventLoop.java:788) ~[netty-transport-4.1.116.Final.jar:4.1.116.Final]
		at io.netty.channel.nio.NioEventLoop.processSelectedKeysOptimized(NioEventLoop.java:724) ~[netty-transport-4.1.116.Final.jar:4.1.116.Final]
		at io.netty.channel.nio.NioEventLoop.processSelectedKeys(NioEventLoop.java:650) ~[netty-transport-4.1.116.Final.jar:4.1.116.Final]
		at io.netty.channel.nio.NioEventLoop.run(NioEventLoop.java:562) ~[netty-transport-4.1.116.Final.jar:4.1.116.Final]
		at io.netty.util.concurrent.SingleThreadEventExecutor$4.run(SingleThreadEventExecutor.java:997) ~[netty-common-4.1.116.Final.jar:4.1.116.Final]
		at io.netty.util.internal.ThreadExecutorMap$2.run(ThreadExecutorMap.java:74) ~[netty-common-4.1.116.Final.jar:4.1.116.Final]
		at io.netty.util.concurrent.FastThreadLocalRunnable.run(FastThreadLocalRunnable.java:30) ~[netty-common-4.1.116.Final.jar:4.1.116.Final]
		at java.base/java.lang.Thread.run(Thread.java:1516) ~[na:na]

2026-06-29T22:48:18.039+05:30 DEBUG 42682 --- [edge-service] [ctor-http-nio-2] o.s.w.r.f.client.ExchangeFunctions       : [b6b746b] [41b3161c-2] Response 404 NOT_FOUND
]]></system-out>
  </testcase>
  <testcase name="contextLoads" classname="com.cognizant.edgeservice.EdgeServiceApplicationTests" time="0.002"/>
</testsuite>