<?xml version="1.0" encoding="UTF-8"?>
<testsuite xmlns:xsi="http://www.w3.org/2001/XMLSchema-instance" xsi:noNamespaceSchemaLocation="https://maven.apache.org/surefire/maven-surefire-plugin/xsd/surefire-test-report-3.0.xsd" version="3.0" name="com.cognizant.springlearn.SpringLearnApplicationTests" time="1.705" tests="3" errors="0" skipped="0" failures="0">
  <properties>
[...]
</properties>
  <testcase name="testGetCountryException" classname="com.cognizant.springlearn.SpringLearnApplicationTests" time="0.377">
    <system-out><![CDATA[09:24:18.302 [main] INFO org.springframework.test.context.support.AnnotationConfigContextLoaderUtils -- Could not detect default configuration classes for test class [com.cognizant.springlearn.SpringLearnApplicationTests]: SpringLearnApplicationTests does not declare any static, non-private, non-final, nested classes annotated with @Configuration.
09:24:18.357 [main] INFO org.springframework.boot.test.context.SpringBootTestContextBootstrapper -- Found @SpringBootConfiguration com.cognizant.springlearn.SpringLearnApplication for test class com.cognizant.springlearn.SpringLearnApplicationTests
09:24:18.418 [main] INFO org.springframework.boot.devtools.restart.RestartApplicationListener -- Restart disabled due to context in which it is running

  .   ____          _            __ _ _
 /\\ / ___'_ __ _ _(_)_ __  __ _ \ \ \ \
( ( )\___ | '_ | '_| | '_ \/ _` | \ \ \ \
 \\/  ___)| |_)| | | | | || (_| |  ) ) ) )
  '  |____| .__|_| |_|_| |_\__, | / / / /
 =========|_|==============|___/=/_/_/_/

 :: Spring Boot ::                (v3.3.4)

260628|09:24:18.563|main                | INFO|ringLearnApplicationTests|              logStarting|Starting SpringLearnApplicationTests using Java 26.0.1 with PID 19104 (started by bharathbodduvenkata in /Users/bharathbodduvenkata/Spring REST using Spring Boot 3/JWT Security Hands-on)
260628|09:24:18.564|main                |DEBUG|ringLearnApplicationTests|              logStarting|Running with Spring Boot v3.3.4, Spring v6.1.13
260628|09:24:18.564|main                | INFO|ringLearnApplicationTests|    logStartupProfileInfo|No active profile set, falling back to 1 default profile: "default"
260628|09:24:18.954|main                | INFO|c.c.s.dao.DepartmentDao  |                   <init>|START
260628|09:24:19.012|main                |DEBUG|c.c.s.model.Skill        |                   <init>|Inside Skill Constructor.
260628|09:24:19.013|main                |DEBUG|c.c.s.model.Skill        |                    setId|Inside setId. Setting id to: 1
260628|09:24:19.013|main                |DEBUG|c.c.s.model.Skill        |                  setName|Inside setName. Setting name to: Java
260628|09:24:19.014|main                |DEBUG|c.c.s.model.Skill        |                   <init>|Inside Skill Constructor.
260628|09:24:19.014|main                |DEBUG|c.c.s.model.Skill        |                    setId|Inside setId. Setting id to: 2
260628|09:24:19.014|main                |DEBUG|c.c.s.model.Skill        |                  setName|Inside setName. Setting name to: Spring Boot
260628|09:24:19.014|main                |DEBUG|c.c.s.model.Skill        |                   <init>|Inside Skill Constructor.
260628|09:24:19.014|main                |DEBUG|c.c.s.model.Skill        |                    setId|Inside setId. Setting id to: 3
260628|09:24:19.014|main                |DEBUG|c.c.s.model.Skill        |                  setName|Inside setName. Setting name to: Angular
260628|09:24:19.014|main                |DEBUG|c.c.s.model.Department   |                   <init>|Inside Department Constructor.
260628|09:24:19.015|main                |DEBUG|c.c.s.model.Department   |                    setId|Inside setId. Setting id to: 1
260628|09:24:19.015|main                |DEBUG|c.c.s.model.Department   |                  setName|Inside setName. Setting name to: IT
260628|09:24:19.015|main                |DEBUG|c.c.s.model.Department   |                   <init>|Inside Department Constructor.
260628|09:24:19.015|main                |DEBUG|c.c.s.model.Department   |                    setId|Inside setId. Setting id to: 2
260628|09:24:19.015|main                |DEBUG|c.c.s.model.Department   |                  setName|Inside setName. Setting name to: HR
260628|09:24:19.015|main                |DEBUG|c.c.s.model.Department   |                   <init>|Inside Department Constructor.
260628|09:24:19.015|main                |DEBUG|c.c.s.model.Department   |                    setId|Inside setId. Setting id to: 3
260628|09:24:19.016|main                |DEBUG|c.c.s.model.Department   |                  setName|Inside setName. Setting name to: Finance
260628|09:24:19.016|main                |DEBUG|c.c.s.model.Employee     |                   <init>|Inside Employee Constructor.
260628|09:24:19.019|main                |DEBUG|c.c.s.model.Employee     |                    setId|Inside setId. Setting id to: 101
260628|09:24:19.019|main                |DEBUG|c.c.s.model.Employee     |                  setName|Inside setName. Setting name to: John Doe
260628|09:24:19.021|main                |DEBUG|c.c.s.model.Employee     |                setSalary|Inside setSalary. Setting salary to: 50000.0
260628|09:24:19.021|main                |DEBUG|c.c.s.model.Employee     |             setPermanent|Inside setPermanent. Setting permanent to: true
260628|09:24:19.021|main                |DEBUG|c.c.s.model.Employee     |           setDateOfBirth|Inside setDateOfBirth. Setting dateOfBirth to: Tue Aug 15 00:00:00 IST 1995
260628|09:24:19.022|main                |DEBUG|c.c.s.model.Employee     |            setDepartment|Inside setDepartment. Setting department to: Department [id=1, name=IT]
260628|09:24:19.022|main                |DEBUG|c.c.s.model.Employee     |                setSkills|Inside setSkills. Setting skills to: [Skill [id=1, name=Java], Skill [id=2, name=Spring Boot]]
260628|09:24:19.023|main                |DEBUG|c.c.s.model.Employee     |                   <init>|Inside Employee Constructor.
260628|09:24:19.023|main                |DEBUG|c.c.s.model.Employee     |                    setId|Inside setId. Setting id to: 102
260628|09:24:19.023|main                |DEBUG|c.c.s.model.Employee     |                  setName|Inside setName. Setting name to: Alice Smith
260628|09:24:19.023|main                |DEBUG|c.c.s.model.Employee     |                setSalary|Inside setSalary. Setting salary to: 60000.0
260628|09:24:19.024|main                |DEBUG|c.c.s.model.Employee     |             setPermanent|Inside setPermanent. Setting permanent to: true
260628|09:24:19.024|main                |DEBUG|c.c.s.model.Employee     |           setDateOfBirth|Inside setDateOfBirth. Setting dateOfBirth to: Sat Nov 22 00:00:00 IST 1997
260628|09:24:19.024|main                |DEBUG|c.c.s.model.Employee     |            setDepartment|Inside setDepartment. Setting department to: Department [id=2, name=HR]
260628|09:24:19.024|main                |DEBUG|c.c.s.model.Employee     |                setSkills|Inside setSkills. Setting skills to: [Skill [id=2, name=Spring Boot], Skill [id=3, name=Angular]]
260628|09:24:19.024|main                |DEBUG|c.c.s.model.Employee     |                   <init>|Inside Employee Constructor.
260628|09:24:19.024|main                |DEBUG|c.c.s.model.Employee     |                    setId|Inside setId. Setting id to: 103
260628|09:24:19.025|main                |DEBUG|c.c.s.model.Employee     |                  setName|Inside setName. Setting name to: Bob Johnson
260628|09:24:19.025|main                |DEBUG|c.c.s.model.Employee     |                setSalary|Inside setSalary. Setting salary to: 45000.0
260628|09:24:19.025|main                |DEBUG|c.c.s.model.Employee     |             setPermanent|Inside setPermanent. Setting permanent to: false
260628|09:24:19.025|main                |DEBUG|c.c.s.model.Employee     |           setDateOfBirth|Inside setDateOfBirth. Setting dateOfBirth to: Sun Apr 05 00:00:00 IST 1998
260628|09:24:19.025|main                |DEBUG|c.c.s.model.Employee     |            setDepartment|Inside setDepartment. Setting department to: Department [id=1, name=IT]
260628|09:24:19.025|main                |DEBUG|c.c.s.model.Employee     |                setSkills|Inside setSkills. Setting skills to: [Skill [id=1, name=Java]]
260628|09:24:19.025|main                |DEBUG|c.c.s.model.Employee     |                   <init>|Inside Employee Constructor.
260628|09:24:19.026|main                |DEBUG|c.c.s.model.Employee     |                    setId|Inside setId. Setting id to: 104
260628|09:24:19.026|main                |DEBUG|c.c.s.model.Employee     |                  setName|Inside setName. Setting name to: Emma Watson
260628|09:24:19.026|main                |DEBUG|c.c.s.model.Employee     |                setSalary|Inside setSalary. Setting salary to: 70000.0
260628|09:24:19.026|main                |DEBUG|c.c.s.model.Employee     |             setPermanent|Inside setPermanent. Setting permanent to: true
260628|09:24:19.026|main                |DEBUG|c.c.s.model.Employee     |           setDateOfBirth|Inside setDateOfBirth. Setting dateOfBirth to: Tue Dec 10 00:00:00 IST 1996
260628|09:24:19.026|main                |DEBUG|c.c.s.model.Employee     |            setDepartment|Inside setDepartment. Setting department to: Department [id=3, name=Finance]
260628|09:24:19.026|main                |DEBUG|c.c.s.model.Employee     |                setSkills|Inside setSkills. Setting skills to: [Skill [id=1, name=Java], Skill [id=2, name=Spring Boot], Skill [id=3, name=Angular]]
260628|09:24:19.027|main                |DEBUG|c.c.s.model.Employee     |                   <init>|Inside Employee Constructor.
260628|09:24:19.027|main                |DEBUG|c.c.s.model.Employee     |                    setId|Inside setId. Setting id to: 105
260628|09:24:19.027|main                |DEBUG|c.c.s.model.Employee     |                  setName|Inside setName. Setting name to: Michael Brown
260628|09:24:19.027|main                |DEBUG|c.c.s.model.Employee     |                setSalary|Inside setSalary. Setting salary to: 55000.0
260628|09:24:19.027|main                |DEBUG|c.c.s.model.Employee     |             setPermanent|Inside setPermanent. Setting permanent to: false
260628|09:24:19.027|main                |DEBUG|c.c.s.model.Employee     |           setDateOfBirth|Inside setDateOfBirth. Setting dateOfBirth to: Fri Jun 18 00:00:00 IST 1999
260628|09:24:19.027|main                |DEBUG|c.c.s.model.Employee     |            setDepartment|Inside setDepartment. Setting department to: Department [id=2, name=HR]
260628|09:24:19.027|main                |DEBUG|c.c.s.model.Employee     |                setSkills|Inside setSkills. Setting skills to: [Skill [id=3, name=Angular]]
260628|09:24:19.031|main                | INFO|c.c.s.dao.DepartmentDao  |                   <init>|Loaded 3 departments.
260628|09:24:19.032|main                | INFO|c.c.s.dao.DepartmentDao  |                   <init>|END
260628|09:24:19.041|main                | INFO|c.c.s.dao.EmployeeDao    |                   <init>|START
260628|09:24:19.055|main                |DEBUG|c.c.s.model.Skill        |                   <init>|Inside Skill Constructor.
260628|09:24:19.055|main                |DEBUG|c.c.s.model.Skill        |                    setId|Inside setId. Setting id to: 1
260628|09:24:19.055|main                |DEBUG|c.c.s.model.Skill        |                  setName|Inside setName. Setting name to: Java
260628|09:24:19.056|main                |DEBUG|c.c.s.model.Skill        |                   <init>|Inside Skill Constructor.
260628|09:24:19.056|main                |DEBUG|c.c.s.model.Skill        |                    setId|Inside setId. Setting id to: 2
260628|09:24:19.056|main                |DEBUG|c.c.s.model.Skill        |                  setName|Inside setName. Setting name to: Spring Boot
260628|09:24:19.056|main                |DEBUG|c.c.s.model.Skill        |                   <init>|Inside Skill Constructor.
260628|09:24:19.056|main                |DEBUG|c.c.s.model.Skill        |                    setId|Inside setId. Setting id to: 3
260628|09:24:19.056|main                |DEBUG|c.c.s.model.Skill        |                  setName|Inside setName. Setting name to: Angular
260628|09:24:19.056|main                |DEBUG|c.c.s.model.Department   |                   <init>|Inside Department Constructor.
260628|09:24:19.057|main                |DEBUG|c.c.s.model.Department   |                    setId|Inside setId. Setting id to: 1
260628|09:24:19.057|main                |DEBUG|c.c.s.model.Department   |                  setName|Inside setName. Setting name to: IT
260628|09:24:19.057|main                |DEBUG|c.c.s.model.Department   |                   <init>|Inside Department Constructor.
260628|09:24:19.057|main                |DEBUG|c.c.s.model.Department   |                    setId|Inside setId. Setting id to: 2
260628|09:24:19.057|main                |DEBUG|c.c.s.model.Department   |                  setName|Inside setName. Setting name to: HR
260628|09:24:19.057|main                |DEBUG|c.c.s.model.Department   |                   <init>|Inside Department Constructor.
260628|09:24:19.057|main                |DEBUG|c.c.s.model.Department   |                    setId|Inside setId. Setting id to: 3
260628|09:24:19.057|main                |DEBUG|c.c.s.model.Department   |                  setName|Inside setName. Setting name to: Finance
260628|09:24:19.058|main                |DEBUG|c.c.s.model.Employee     |                   <init>|Inside Employee Constructor.
260628|09:24:19.058|main                |DEBUG|c.c.s.model.Employee     |                    setId|Inside setId. Setting id to: 101
260628|09:24:19.058|main                |DEBUG|c.c.s.model.Employee     |                  setName|Inside setName. Setting name to: John Doe
260628|09:24:19.058|main                |DEBUG|c.c.s.model.Employee     |                setSalary|Inside setSalary. Setting salary to: 50000.0
260628|09:24:19.059|main                |DEBUG|c.c.s.model.Employee     |             setPermanent|Inside setPermanent. Setting permanent to: true
260628|09:24:19.059|main                |DEBUG|c.c.s.model.Employee     |           setDateOfBirth|Inside setDateOfBirth. Setting dateOfBirth to: Tue Aug 15 00:00:00 IST 1995
260628|09:24:19.059|main                |DEBUG|c.c.s.model.Employee     |            setDepartment|Inside setDepartment. Setting department to: Department [id=1, name=IT]
260628|09:24:19.059|main                |DEBUG|c.c.s.model.Employee     |                setSkills|Inside setSkills. Setting skills to: [Skill [id=1, name=Java], Skill [id=2, name=Spring Boot]]
260628|09:24:19.059|main                |DEBUG|c.c.s.model.Employee     |                   <init>|Inside Employee Constructor.
260628|09:24:19.059|main                |DEBUG|c.c.s.model.Employee     |                    setId|Inside setId. Setting id to: 102
260628|09:24:19.060|main                |DEBUG|c.c.s.model.Employee     |                  setName|Inside setName. Setting name to: Alice Smith
260628|09:24:19.060|main                |DEBUG|c.c.s.model.Employee     |                setSalary|Inside setSalary. Setting salary to: 60000.0
260628|09:24:19.060|main                |DEBUG|c.c.s.model.Employee     |             setPermanent|Inside setPermanent. Setting permanent to: true
260628|09:24:19.060|main                |DEBUG|c.c.s.model.Employee     |           setDateOfBirth|Inside setDateOfBirth. Setting dateOfBirth to: Sat Nov 22 00:00:00 IST 1997
260628|09:24:19.060|main                |DEBUG|c.c.s.model.Employee     |            setDepartment|Inside setDepartment. Setting department to: Department [id=2, name=HR]
260628|09:24:19.060|main                |DEBUG|c.c.s.model.Employee     |                setSkills|Inside setSkills. Setting skills to: [Skill [id=2, name=Spring Boot], Skill [id=3, name=Angular]]
260628|09:24:19.060|main                |DEBUG|c.c.s.model.Employee     |                   <init>|Inside Employee Constructor.
260628|09:24:19.061|main                |DEBUG|c.c.s.model.Employee     |                    setId|Inside setId. Setting id to: 103
260628|09:24:19.061|main                |DEBUG|c.c.s.model.Employee     |                  setName|Inside setName. Setting name to: Bob Johnson
260628|09:24:19.061|main                |DEBUG|c.c.s.model.Employee     |                setSalary|Inside setSalary. Setting salary to: 45000.0
260628|09:24:19.061|main                |DEBUG|c.c.s.model.Employee     |             setPermanent|Inside setPermanent. Setting permanent to: false
260628|09:24:19.061|main                |DEBUG|c.c.s.model.Employee     |           setDateOfBirth|Inside setDateOfBirth. Setting dateOfBirth to: Sun Apr 05 00:00:00 IST 1998
260628|09:24:19.061|main                |DEBUG|c.c.s.model.Employee     |            setDepartment|Inside setDepartment. Setting department to: Department [id=1, name=IT]
260628|09:24:19.061|main                |DEBUG|c.c.s.model.Employee     |                setSkills|Inside setSkills. Setting skills to: [Skill [id=1, name=Java]]
260628|09:24:19.061|main                |DEBUG|c.c.s.model.Employee     |                   <init>|Inside Employee Constructor.
260628|09:24:19.062|main                |DEBUG|c.c.s.model.Employee     |                    setId|Inside setId. Setting id to: 104
260628|09:24:19.062|main                |DEBUG|c.c.s.model.Employee     |                  setName|Inside setName. Setting name to: Emma Watson
260628|09:24:19.062|main                |DEBUG|c.c.s.model.Employee     |                setSalary|Inside setSalary. Setting salary to: 70000.0
260628|09:24:19.062|main                |DEBUG|c.c.s.model.Employee     |             setPermanent|Inside setPermanent. Setting permanent to: true
260628|09:24:19.062|main                |DEBUG|c.c.s.model.Employee     |           setDateOfBirth|Inside setDateOfBirth. Setting dateOfBirth to: Tue Dec 10 00:00:00 IST 1996
260628|09:24:19.062|main                |DEBUG|c.c.s.model.Employee     |            setDepartment|Inside setDepartment. Setting department to: Department [id=3, name=Finance]
260628|09:24:19.062|main                |DEBUG|c.c.s.model.Employee     |                setSkills|Inside setSkills. Setting skills to: [Skill [id=1, name=Java], Skill [id=2, name=Spring Boot], Skill [id=3, name=Angular]]
260628|09:24:19.062|main                |DEBUG|c.c.s.model.Employee     |                   <init>|Inside Employee Constructor.
260628|09:24:19.063|main                |DEBUG|c.c.s.model.Employee     |                    setId|Inside setId. Setting id to: 105
260628|09:24:19.063|main                |DEBUG|c.c.s.model.Employee     |                  setName|Inside setName. Setting name to: Michael Brown
260628|09:24:19.063|main                |DEBUG|c.c.s.model.Employee     |                setSalary|Inside setSalary. Setting salary to: 55000.0
260628|09:24:19.063|main                |DEBUG|c.c.s.model.Employee     |             setPermanent|Inside setPermanent. Setting permanent to: false
260628|09:24:19.063|main                |DEBUG|c.c.s.model.Employee     |           setDateOfBirth|Inside setDateOfBirth. Setting dateOfBirth to: Fri Jun 18 00:00:00 IST 1999
260628|09:24:19.063|main                |DEBUG|c.c.s.model.Employee     |            setDepartment|Inside setDepartment. Setting department to: Department [id=2, name=HR]
260628|09:24:19.063|main                |DEBUG|c.c.s.model.Employee     |                setSkills|Inside setSkills. Setting skills to: [Skill [id=3, name=Angular]]
260628|09:24:19.064|main                | INFO|c.c.s.dao.EmployeeDao    |                   <init>|Loaded 5 employees.
260628|09:24:19.064|main                | INFO|c.c.s.dao.EmployeeDao    |                   <init>|END
260628|09:24:19.072|main                | WARN|o.s.a.f.CglibAopProxy    |          doValidateClass|Unable to proxy interface-implementing method [public final void org.springframework.web.filter.OncePerRequestFilter.doFilter(jakarta.servlet.ServletRequest,jakarta.servlet.ServletResponse,jakarta.servlet.FilterChain) throws jakarta.servlet.ServletException,java.io.IOException] because it is marked as final, consider using interface-based JDK proxies instead.
260628|09:24:19.072|main                | WARN|o.s.a.f.CglibAopProxy    |          doValidateClass|Unable to proxy interface-implementing method [public final void org.springframework.web.filter.GenericFilterBean.init(jakarta.servlet.FilterConfig) throws jakarta.servlet.ServletException] because it is marked as final, consider using interface-based JDK proxies instead.
260628|09:24:19.107|main                | INFO|c.c.s.s.SecurityConfig   |          passwordEncoder|START - passwordEncoder bean creation
260628|09:24:19.108|main                | INFO|c.c.s.s.SecurityConfig   |          passwordEncoder|END - passwordEncoder bean creation
260628|09:24:19.109|main                | INFO|c.c.s.s.SecurityConfig   |       userDetailsService|START - userDetailsService bean creation
260628|09:24:19.257|main                | INFO|c.c.s.s.SecurityConfig   |       userDetailsService|END - userDetailsService bean creation
260628|09:24:19.260|main                | INFO|rDetailsManagerConfigurer|                configure|Global AuthenticationManager configured with UserDetailsService bean with name userDetailsService
260628|09:24:19.345|main                | INFO|c.c.s.s.SecurityConfig   |      securityFilterChain|START - securityFilterChain configuration
260628|09:24:19.346|main                |DEBUG|c.c.s.s.SecurityConfig   |lambda$securityFilterChain$0|Disabling CSRF protection
260628|09:24:19.346|main                |DEBUG|c.c.s.s.SecurityConfig   |lambda$securityFilterChain$1|Configuring stateless session policy
260628|09:24:19.347|main                |DEBUG|c.c.s.s.SecurityConfig   |lambda$securityFilterChain$2|Configuring authorization request matchers
260628|09:24:19.349|main                | INFO|c.c.s.s.SecurityConfig   |      securityFilterChain|END - securityFilterChain configuration
260628|09:24:19.362|main                | INFO|c.c.s.s.SecurityConfig   |    authenticationManager|START - authenticationManager bean creation
260628|09:24:19.362|main                | INFO|c.c.s.s.SecurityConfig   |    authenticationManager|END - authenticationManager bean creation
260628|09:24:19.484|main                |DEBUG|.s.JwtAuthorizationFilter|                     init|Filter 'jwtAuthorizationFilter' configured for use
260628|09:24:19.485|main                | INFO|ingBootMockServletContext|                      log|Initializing Spring TestDispatcherServlet ''
260628|09:24:19.486|main                | INFO|w.s.TestDispatcherServlet|          initServletBean|Initializing Servlet ''
260628|09:24:19.487|main                | INFO|w.s.TestDispatcherServlet|          initServletBean|Completed initialization in 1 ms
260628|09:24:19.499|main                | INFO|ringLearnApplicationTests|               logStarted|Started SpringLearnApplicationTests in 1.088 seconds (process running for 1.487)
260628|09:24:19.850|main                | INFO|.s.JwtAuthorizationFilter|         doFilterInternal|START - JWT Authorization Filter
260628|09:24:19.850|main                |DEBUG|.s.JwtAuthorizationFilter|         doFilterInternal|Request URI: /countries/xyz
260628|09:24:19.850|main                |DEBUG|.s.JwtAuthorizationFilter|         doFilterInternal|Authorization Header: null
260628|09:24:19.851|main                | WARN|.s.JwtAuthorizationFilter|         doFilterInternal|Missing or invalid Bearer token prefix. Passing to filter chain.
260628|09:24:19.861|main                | INFO|c.c.s.c.CountryController|               getCountry|START
260628|09:24:19.872|main                |DEBUG|c.c.s.model.Country      |                   <init>|Inside Country Constructor.
260628|09:24:19.873|main                |DEBUG|c.c.s.model.Country      |                  setCode|Inside setCode. Setting code to: IN
260628|09:24:19.873|main                |DEBUG|c.c.s.model.Country      |                  setName|Inside setName. Setting name to: India
260628|09:24:19.873|main                |DEBUG|c.c.s.model.Country      |                   <init>|Inside Country Constructor.
260628|09:24:19.873|main                |DEBUG|c.c.s.model.Country      |                  setCode|Inside setCode. Setting code to: US
260628|09:24:19.873|main                |DEBUG|c.c.s.model.Country      |                  setName|Inside setName. Setting name to: United States
260628|09:24:19.874|main                |DEBUG|c.c.s.model.Country      |                   <init>|Inside Country Constructor.
260628|09:24:19.874|main                |DEBUG|c.c.s.model.Country      |                  setCode|Inside setCode. Setting code to: DE
260628|09:24:19.874|main                |DEBUG|c.c.s.model.Country      |                  setName|Inside setName. Setting name to: Germany
260628|09:24:19.874|main                |DEBUG|c.c.s.model.Country      |                   <init>|Inside Country Constructor.
260628|09:24:19.874|main                |DEBUG|c.c.s.model.Country      |                  setCode|Inside setCode. Setting code to: JP
260628|09:24:19.874|main                |DEBUG|c.c.s.model.Country      |                  setName|Inside setName. Setting name to: Japan
260628|09:24:19.875|main                |DEBUG|c.c.s.model.Country      |                  getCode|Inside getCode. Code: IN
260628|09:24:19.875|main                |DEBUG|c.c.s.model.Country      |                  getCode|Inside getCode. Code: US
260628|09:24:19.875|main                |DEBUG|c.c.s.model.Country      |                  getCode|Inside getCode. Code: DE
260628|09:24:19.875|main                |DEBUG|c.c.s.model.Country      |                  getCode|Inside getCode. Code: JP
260628|09:24:19.878|main                | INFO|.s.JwtAuthorizationFilter|         doFilterInternal|END - JWT Authorization Filter
]]></system-out>
    <system-err><![CDATA[WARNING: A Java agent has been loaded dynamically (/Users/bharathbodduvenkata/.m2/repository/net/bytebuddy/byte-buddy-agent/1.14.19/byte-buddy-agent-1.14.19.jar)
WARNING: If a serviceability tool is in use, please run with -XX:+EnableDynamicAgentLoading to hide this warning
WARNING: If a serviceability tool is not in use, please run with -Djdk.instrument.traceUsage for more information
WARNING: Dynamic loading of agents will be disallowed by default in a future release
]]></system-err>
  </testcase>
  <testcase name="contextLoads" classname="com.cognizant.springlearn.SpringLearnApplicationTests" time="0.003"/>
  <testcase name="testGetCountry" classname="com.cognizant.springlearn.SpringLearnApplicationTests" time="0.053">
    <system-out><![CDATA[260628|09:24:19.896|main                | INFO|.s.JwtAuthorizationFilter|         doFilterInternal|START - JWT Authorization Filter
260628|09:24:19.896|main                |DEBUG|.s.JwtAuthorizationFilter|         doFilterInternal|Request URI: /country
260628|09:24:19.896|main                |DEBUG|.s.JwtAuthorizationFilter|         doFilterInternal|Authorization Header: null
260628|09:24:19.896|main                | WARN|.s.JwtAuthorizationFilter|         doFilterInternal|Missing or invalid Bearer token prefix. Passing to filter chain.
260628|09:24:19.896|main                | INFO|c.c.s.c.CountryController|          getCountryIndia|START
260628|09:24:19.907|main                |DEBUG|c.c.s.model.Country      |                   <init>|Inside Country Constructor.
260628|09:24:19.908|main                |DEBUG|c.c.s.model.Country      |                  setCode|Inside setCode. Setting code to: IN
260628|09:24:19.908|main                |DEBUG|c.c.s.model.Country      |                  setName|Inside setName. Setting name to: India
260628|09:24:19.908|main                |DEBUG|c.c.s.model.Country      |                   <init>|Inside Country Constructor.
260628|09:24:19.908|main                |DEBUG|c.c.s.model.Country      |                  setCode|Inside setCode. Setting code to: US
260628|09:24:19.908|main                |DEBUG|c.c.s.model.Country      |                  setName|Inside setName. Setting name to: United States
260628|09:24:19.908|main                |DEBUG|c.c.s.model.Country      |                   <init>|Inside Country Constructor.
260628|09:24:19.908|main                |DEBUG|c.c.s.model.Country      |                  setCode|Inside setCode. Setting code to: DE
260628|09:24:19.908|main                |DEBUG|c.c.s.model.Country      |                  setName|Inside setName. Setting name to: Germany
260628|09:24:19.909|main                |DEBUG|c.c.s.model.Country      |                   <init>|Inside Country Constructor.
260628|09:24:19.909|main                |DEBUG|c.c.s.model.Country      |                  setCode|Inside setCode. Setting code to: JP
260628|09:24:19.909|main                |DEBUG|c.c.s.model.Country      |                  setName|Inside setName. Setting name to: Japan
260628|09:24:19.909|main                |DEBUG|c.c.s.c.CountryController|          getCountryIndia|India Country: Country [code=IN, name=India]
260628|09:24:19.909|main                | INFO|c.c.s.c.CountryController|          getCountryIndia|END
260628|09:24:19.930|main                |DEBUG|c.c.s.model.Country      |                  getCode|Inside getCode. Code: IN
260628|09:24:19.931|main                |DEBUG|c.c.s.model.Country      |                  getName|Inside getName. Name: India
260628|09:24:19.931|main                | INFO|.s.JwtAuthorizationFilter|         doFilterInternal|END - JWT Authorization Filter
]]></system-out>
  </testcase>
</testsuite>