<?xml version="1.0" encoding="UTF-8"?>
<testsuite xmlns:xsi="http://www.w3.org/2001/XMLSchema-instance" xsi:noNamespaceSchemaLocation="https://maven.apache.org/surefire/maven-surefire-plugin/xsd/surefire-test-report-3.0.xsd" version="3.0" name="com.cognizant.springlearn.SpringLearnApplicationTests" time="1.273" tests="3" errors="0" skipped="0" failures="0">
  <properties>
[...]
</properties>
  <testcase name="testGetCountryException" classname="com.cognizant.springlearn.SpringLearnApplicationTests" time="0.358">
    <system-out><![CDATA[09:12:21.057 [main] INFO org.springframework.test.context.support.AnnotationConfigContextLoaderUtils -- Could not detect default configuration classes for test class [com.cognizant.springlearn.SpringLearnApplicationTests]: SpringLearnApplicationTests does not declare any static, non-private, non-final, nested classes annotated with @Configuration.
09:12:21.103 [main] INFO org.springframework.boot.test.context.SpringBootTestContextBootstrapper -- Found @SpringBootConfiguration com.cognizant.springlearn.SpringLearnApplication for test class com.cognizant.springlearn.SpringLearnApplicationTests
09:12:21.159 [main] INFO org.springframework.boot.devtools.restart.RestartApplicationListener -- Restart disabled due to context in which it is running

  .   ____          _            __ _ _
 /\\ / ___'_ __ _ _(_)_ __  __ _ \ \ \ \
( ( )\___ | '_ | '_| | '_ \/ _` | \ \ \ \
 \\/  ___)| |_)| | | | | || (_| |  ) ) ) )
  '  |____| .__|_| |_|_| |_\__, | / / / /
 =========|_|==============|___/=/_/_/_/

 :: Spring Boot ::                (v3.3.4)

260628|09:12:21.272|main                | INFO|ringLearnApplicationTests|              logStarting|Starting SpringLearnApplicationTests using Java 26.0.1 with PID 17013 (started by bharathbodduvenkata in /Users/bharathbodduvenkata/Spring REST using Spring Boot 3/REST Hands-on 3)
260628|09:12:21.272|main                |DEBUG|ringLearnApplicationTests|              logStarting|Running with Spring Boot v3.3.4, Spring v6.1.13
260628|09:12:21.272|main                | INFO|ringLearnApplicationTests|    logStartupProfileInfo|No active profile set, falling back to 1 default profile: "default"
260628|09:12:21.550|main                | INFO|c.c.s.dao.DepartmentDao  |                   <init>|START
260628|09:12:21.613|main                |DEBUG|c.c.s.model.Skill        |                   <init>|Inside Skill Constructor.
260628|09:12:21.614|main                |DEBUG|c.c.s.model.Skill        |                    setId|Inside setId. Setting id to: 1
260628|09:12:21.615|main                |DEBUG|c.c.s.model.Skill        |                  setName|Inside setName. Setting name to: Java
260628|09:12:21.615|main                |DEBUG|c.c.s.model.Skill        |                   <init>|Inside Skill Constructor.
260628|09:12:21.615|main                |DEBUG|c.c.s.model.Skill        |                    setId|Inside setId. Setting id to: 2
260628|09:12:21.615|main                |DEBUG|c.c.s.model.Skill        |                  setName|Inside setName. Setting name to: Spring Boot
260628|09:12:21.615|main                |DEBUG|c.c.s.model.Skill        |                   <init>|Inside Skill Constructor.
260628|09:12:21.615|main                |DEBUG|c.c.s.model.Skill        |                    setId|Inside setId. Setting id to: 3
260628|09:12:21.616|main                |DEBUG|c.c.s.model.Skill        |                  setName|Inside setName. Setting name to: Angular
260628|09:12:21.616|main                |DEBUG|c.c.s.model.Department   |                   <init>|Inside Department Constructor.
260628|09:12:21.616|main                |DEBUG|c.c.s.model.Department   |                    setId|Inside setId. Setting id to: 1
260628|09:12:21.616|main                |DEBUG|c.c.s.model.Department   |                  setName|Inside setName. Setting name to: IT
260628|09:12:21.616|main                |DEBUG|c.c.s.model.Department   |                   <init>|Inside Department Constructor.
260628|09:12:21.616|main                |DEBUG|c.c.s.model.Department   |                    setId|Inside setId. Setting id to: 2
260628|09:12:21.616|main                |DEBUG|c.c.s.model.Department   |                  setName|Inside setName. Setting name to: HR
260628|09:12:21.617|main                |DEBUG|c.c.s.model.Department   |                   <init>|Inside Department Constructor.
260628|09:12:21.617|main                |DEBUG|c.c.s.model.Department   |                    setId|Inside setId. Setting id to: 3
260628|09:12:21.617|main                |DEBUG|c.c.s.model.Department   |                  setName|Inside setName. Setting name to: Finance
260628|09:12:21.617|main                |DEBUG|c.c.s.model.Employee     |                   <init>|Inside Employee Constructor.
260628|09:12:21.620|main                |DEBUG|c.c.s.model.Employee     |                    setId|Inside setId. Setting id to: 101
260628|09:12:21.620|main                |DEBUG|c.c.s.model.Employee     |                  setName|Inside setName. Setting name to: John Doe
260628|09:12:21.621|main                |DEBUG|c.c.s.model.Employee     |                setSalary|Inside setSalary. Setting salary to: 50000.0
260628|09:12:21.621|main                |DEBUG|c.c.s.model.Employee     |             setPermanent|Inside setPermanent. Setting permanent to: true
260628|09:12:21.621|main                |DEBUG|c.c.s.model.Employee     |           setDateOfBirth|Inside setDateOfBirth. Setting dateOfBirth to: Tue Aug 15 00:00:00 IST 1995
260628|09:12:21.622|main                |DEBUG|c.c.s.model.Employee     |            setDepartment|Inside setDepartment. Setting department to: Department [id=1, name=IT]
260628|09:12:21.622|main                |DEBUG|c.c.s.model.Employee     |                setSkills|Inside setSkills. Setting skills to: [Skill [id=1, name=Java], Skill [id=2, name=Spring Boot]]
260628|09:12:21.622|main                |DEBUG|c.c.s.model.Employee     |                   <init>|Inside Employee Constructor.
260628|09:12:21.623|main                |DEBUG|c.c.s.model.Employee     |                    setId|Inside setId. Setting id to: 102
260628|09:12:21.623|main                |DEBUG|c.c.s.model.Employee     |                  setName|Inside setName. Setting name to: Alice Smith
260628|09:12:21.623|main                |DEBUG|c.c.s.model.Employee     |                setSalary|Inside setSalary. Setting salary to: 60000.0
260628|09:12:21.623|main                |DEBUG|c.c.s.model.Employee     |             setPermanent|Inside setPermanent. Setting permanent to: true
260628|09:12:21.623|main                |DEBUG|c.c.s.model.Employee     |           setDateOfBirth|Inside setDateOfBirth. Setting dateOfBirth to: Sat Nov 22 00:00:00 IST 1997
260628|09:12:21.624|main                |DEBUG|c.c.s.model.Employee     |            setDepartment|Inside setDepartment. Setting department to: Department [id=2, name=HR]
260628|09:12:21.624|main                |DEBUG|c.c.s.model.Employee     |                setSkills|Inside setSkills. Setting skills to: [Skill [id=2, name=Spring Boot], Skill [id=3, name=Angular]]
260628|09:12:21.624|main                |DEBUG|c.c.s.model.Employee     |                   <init>|Inside Employee Constructor.
260628|09:12:21.624|main                |DEBUG|c.c.s.model.Employee     |                    setId|Inside setId. Setting id to: 103
260628|09:12:21.624|main                |DEBUG|c.c.s.model.Employee     |                  setName|Inside setName. Setting name to: Bob Johnson
260628|09:12:21.624|main                |DEBUG|c.c.s.model.Employee     |                setSalary|Inside setSalary. Setting salary to: 45000.0
260628|09:12:21.624|main                |DEBUG|c.c.s.model.Employee     |             setPermanent|Inside setPermanent. Setting permanent to: false
260628|09:12:21.625|main                |DEBUG|c.c.s.model.Employee     |           setDateOfBirth|Inside setDateOfBirth. Setting dateOfBirth to: Sun Apr 05 00:00:00 IST 1998
260628|09:12:21.625|main                |DEBUG|c.c.s.model.Employee     |            setDepartment|Inside setDepartment. Setting department to: Department [id=1, name=IT]
260628|09:12:21.625|main                |DEBUG|c.c.s.model.Employee     |                setSkills|Inside setSkills. Setting skills to: [Skill [id=1, name=Java]]
260628|09:12:21.625|main                |DEBUG|c.c.s.model.Employee     |                   <init>|Inside Employee Constructor.
260628|09:12:21.625|main                |DEBUG|c.c.s.model.Employee     |                    setId|Inside setId. Setting id to: 104
260628|09:12:21.625|main                |DEBUG|c.c.s.model.Employee     |                  setName|Inside setName. Setting name to: Emma Watson
260628|09:12:21.625|main                |DEBUG|c.c.s.model.Employee     |                setSalary|Inside setSalary. Setting salary to: 70000.0
260628|09:12:21.626|main                |DEBUG|c.c.s.model.Employee     |             setPermanent|Inside setPermanent. Setting permanent to: true
260628|09:12:21.626|main                |DEBUG|c.c.s.model.Employee     |           setDateOfBirth|Inside setDateOfBirth. Setting dateOfBirth to: Tue Dec 10 00:00:00 IST 1996
260628|09:12:21.626|main                |DEBUG|c.c.s.model.Employee     |            setDepartment|Inside setDepartment. Setting department to: Department [id=3, name=Finance]
260628|09:12:21.626|main                |DEBUG|c.c.s.model.Employee     |                setSkills|Inside setSkills. Setting skills to: [Skill [id=1, name=Java], Skill [id=2, name=Spring Boot], Skill [id=3, name=Angular]]
260628|09:12:21.626|main                |DEBUG|c.c.s.model.Employee     |                   <init>|Inside Employee Constructor.
260628|09:12:21.626|main                |DEBUG|c.c.s.model.Employee     |                    setId|Inside setId. Setting id to: 105
260628|09:12:21.626|main                |DEBUG|c.c.s.model.Employee     |                  setName|Inside setName. Setting name to: Michael Brown
260628|09:12:21.627|main                |DEBUG|c.c.s.model.Employee     |                setSalary|Inside setSalary. Setting salary to: 55000.0
260628|09:12:21.627|main                |DEBUG|c.c.s.model.Employee     |             setPermanent|Inside setPermanent. Setting permanent to: false
260628|09:12:21.627|main                |DEBUG|c.c.s.model.Employee     |           setDateOfBirth|Inside setDateOfBirth. Setting dateOfBirth to: Fri Jun 18 00:00:00 IST 1999
260628|09:12:21.627|main                |DEBUG|c.c.s.model.Employee     |            setDepartment|Inside setDepartment. Setting department to: Department [id=2, name=HR]
260628|09:12:21.627|main                |DEBUG|c.c.s.model.Employee     |                setSkills|Inside setSkills. Setting skills to: [Skill [id=3, name=Angular]]
260628|09:12:21.630|main                | INFO|c.c.s.dao.DepartmentDao  |                   <init>|Loaded 3 departments.
260628|09:12:21.631|main                | INFO|c.c.s.dao.DepartmentDao  |                   <init>|END
260628|09:12:21.640|main                | INFO|c.c.s.dao.EmployeeDao    |                   <init>|START
260628|09:12:21.654|main                |DEBUG|c.c.s.model.Skill        |                   <init>|Inside Skill Constructor.
260628|09:12:21.655|main                |DEBUG|c.c.s.model.Skill        |                    setId|Inside setId. Setting id to: 1
260628|09:12:21.655|main                |DEBUG|c.c.s.model.Skill        |                  setName|Inside setName. Setting name to: Java
260628|09:12:21.655|main                |DEBUG|c.c.s.model.Skill        |                   <init>|Inside Skill Constructor.
260628|09:12:21.655|main                |DEBUG|c.c.s.model.Skill        |                    setId|Inside setId. Setting id to: 2
260628|09:12:21.655|main                |DEBUG|c.c.s.model.Skill        |                  setName|Inside setName. Setting name to: Spring Boot
260628|09:12:21.655|main                |DEBUG|c.c.s.model.Skill        |                   <init>|Inside Skill Constructor.
260628|09:12:21.655|main                |DEBUG|c.c.s.model.Skill        |                    setId|Inside setId. Setting id to: 3
260628|09:12:21.655|main                |DEBUG|c.c.s.model.Skill        |                  setName|Inside setName. Setting name to: Angular
260628|09:12:21.656|main                |DEBUG|c.c.s.model.Department   |                   <init>|Inside Department Constructor.
260628|09:12:21.656|main                |DEBUG|c.c.s.model.Department   |                    setId|Inside setId. Setting id to: 1
260628|09:12:21.656|main                |DEBUG|c.c.s.model.Department   |                  setName|Inside setName. Setting name to: IT
260628|09:12:21.656|main                |DEBUG|c.c.s.model.Department   |                   <init>|Inside Department Constructor.
260628|09:12:21.656|main                |DEBUG|c.c.s.model.Department   |                    setId|Inside setId. Setting id to: 2
260628|09:12:21.656|main                |DEBUG|c.c.s.model.Department   |                  setName|Inside setName. Setting name to: HR
260628|09:12:21.656|main                |DEBUG|c.c.s.model.Department   |                   <init>|Inside Department Constructor.
260628|09:12:21.656|main                |DEBUG|c.c.s.model.Department   |                    setId|Inside setId. Setting id to: 3
260628|09:12:21.657|main                |DEBUG|c.c.s.model.Department   |                  setName|Inside setName. Setting name to: Finance
260628|09:12:21.657|main                |DEBUG|c.c.s.model.Employee     |                   <init>|Inside Employee Constructor.
260628|09:12:21.657|main                |DEBUG|c.c.s.model.Employee     |                    setId|Inside setId. Setting id to: 101
260628|09:12:21.657|main                |DEBUG|c.c.s.model.Employee     |                  setName|Inside setName. Setting name to: John Doe
260628|09:12:21.658|main                |DEBUG|c.c.s.model.Employee     |                setSalary|Inside setSalary. Setting salary to: 50000.0
260628|09:12:21.658|main                |DEBUG|c.c.s.model.Employee     |             setPermanent|Inside setPermanent. Setting permanent to: true
260628|09:12:21.658|main                |DEBUG|c.c.s.model.Employee     |           setDateOfBirth|Inside setDateOfBirth. Setting dateOfBirth to: Tue Aug 15 00:00:00 IST 1995
260628|09:12:21.658|main                |DEBUG|c.c.s.model.Employee     |            setDepartment|Inside setDepartment. Setting department to: Department [id=1, name=IT]
260628|09:12:21.658|main                |DEBUG|c.c.s.model.Employee     |                setSkills|Inside setSkills. Setting skills to: [Skill [id=1, name=Java], Skill [id=2, name=Spring Boot]]
260628|09:12:21.658|main                |DEBUG|c.c.s.model.Employee     |                   <init>|Inside Employee Constructor.
260628|09:12:21.659|main                |DEBUG|c.c.s.model.Employee     |                    setId|Inside setId. Setting id to: 102
260628|09:12:21.659|main                |DEBUG|c.c.s.model.Employee     |                  setName|Inside setName. Setting name to: Alice Smith
260628|09:12:21.659|main                |DEBUG|c.c.s.model.Employee     |                setSalary|Inside setSalary. Setting salary to: 60000.0
260628|09:12:21.659|main                |DEBUG|c.c.s.model.Employee     |             setPermanent|Inside setPermanent. Setting permanent to: true
260628|09:12:21.659|main                |DEBUG|c.c.s.model.Employee     |           setDateOfBirth|Inside setDateOfBirth. Setting dateOfBirth to: Sat Nov 22 00:00:00 IST 1997
260628|09:12:21.659|main                |DEBUG|c.c.s.model.Employee     |            setDepartment|Inside setDepartment. Setting department to: Department [id=2, name=HR]
260628|09:12:21.659|main                |DEBUG|c.c.s.model.Employee     |                setSkills|Inside setSkills. Setting skills to: [Skill [id=2, name=Spring Boot], Skill [id=3, name=Angular]]
260628|09:12:21.659|main                |DEBUG|c.c.s.model.Employee     |                   <init>|Inside Employee Constructor.
260628|09:12:21.660|main                |DEBUG|c.c.s.model.Employee     |                    setId|Inside setId. Setting id to: 103
260628|09:12:21.660|main                |DEBUG|c.c.s.model.Employee     |                  setName|Inside setName. Setting name to: Bob Johnson
260628|09:12:21.660|main                |DEBUG|c.c.s.model.Employee     |                setSalary|Inside setSalary. Setting salary to: 45000.0
260628|09:12:21.660|main                |DEBUG|c.c.s.model.Employee     |             setPermanent|Inside setPermanent. Setting permanent to: false
260628|09:12:21.660|main                |DEBUG|c.c.s.model.Employee     |           setDateOfBirth|Inside setDateOfBirth. Setting dateOfBirth to: Sun Apr 05 00:00:00 IST 1998
260628|09:12:21.660|main                |DEBUG|c.c.s.model.Employee     |            setDepartment|Inside setDepartment. Setting department to: Department [id=1, name=IT]
260628|09:12:21.660|main                |DEBUG|c.c.s.model.Employee     |                setSkills|Inside setSkills. Setting skills to: [Skill [id=1, name=Java]]
260628|09:12:21.660|main                |DEBUG|c.c.s.model.Employee     |                   <init>|Inside Employee Constructor.
260628|09:12:21.661|main                |DEBUG|c.c.s.model.Employee     |                    setId|Inside setId. Setting id to: 104
260628|09:12:21.661|main                |DEBUG|c.c.s.model.Employee     |                  setName|Inside setName. Setting name to: Emma Watson
260628|09:12:21.661|main                |DEBUG|c.c.s.model.Employee     |                setSalary|Inside setSalary. Setting salary to: 70000.0
260628|09:12:21.661|main                |DEBUG|c.c.s.model.Employee     |             setPermanent|Inside setPermanent. Setting permanent to: true
260628|09:12:21.661|main                |DEBUG|c.c.s.model.Employee     |           setDateOfBirth|Inside setDateOfBirth. Setting dateOfBirth to: Tue Dec 10 00:00:00 IST 1996
260628|09:12:21.661|main                |DEBUG|c.c.s.model.Employee     |            setDepartment|Inside setDepartment. Setting department to: Department [id=3, name=Finance]
260628|09:12:21.661|main                |DEBUG|c.c.s.model.Employee     |                setSkills|Inside setSkills. Setting skills to: [Skill [id=1, name=Java], Skill [id=2, name=Spring Boot], Skill [id=3, name=Angular]]
260628|09:12:21.661|main                |DEBUG|c.c.s.model.Employee     |                   <init>|Inside Employee Constructor.
260628|09:12:21.662|main                |DEBUG|c.c.s.model.Employee     |                    setId|Inside setId. Setting id to: 105
260628|09:12:21.662|main                |DEBUG|c.c.s.model.Employee     |                  setName|Inside setName. Setting name to: Michael Brown
260628|09:12:21.662|main                |DEBUG|c.c.s.model.Employee     |                setSalary|Inside setSalary. Setting salary to: 55000.0
260628|09:12:21.662|main                |DEBUG|c.c.s.model.Employee     |             setPermanent|Inside setPermanent. Setting permanent to: false
260628|09:12:21.662|main                |DEBUG|c.c.s.model.Employee     |           setDateOfBirth|Inside setDateOfBirth. Setting dateOfBirth to: Fri Jun 18 00:00:00 IST 1999
260628|09:12:21.662|main                |DEBUG|c.c.s.model.Employee     |            setDepartment|Inside setDepartment. Setting department to: Department [id=2, name=HR]
260628|09:12:21.662|main                |DEBUG|c.c.s.model.Employee     |                setSkills|Inside setSkills. Setting skills to: [Skill [id=3, name=Angular]]
260628|09:12:21.663|main                | INFO|c.c.s.dao.EmployeeDao    |                   <init>|Loaded 5 employees.
260628|09:12:21.663|main                | INFO|c.c.s.dao.EmployeeDao    |                   <init>|END
260628|09:12:21.844|main                | INFO|ingBootMockServletContext|                      log|Initializing Spring TestDispatcherServlet ''
260628|09:12:21.845|main                | INFO|w.s.TestDispatcherServlet|          initServletBean|Initializing Servlet ''
260628|09:12:21.847|main                | INFO|w.s.TestDispatcherServlet|          initServletBean|Completed initialization in 0 ms
260628|09:12:21.863|main                | INFO|ringLearnApplicationTests|               logStarted|Started SpringLearnApplicationTests in 0.707 seconds (process running for 1.064)
260628|09:12:22.214|main                | INFO|c.c.s.c.CountryController|               getCountry|START
260628|09:12:22.221|main                |DEBUG|c.c.s.model.Country      |                   <init>|Inside Country Constructor.
260628|09:12:22.221|main                |DEBUG|c.c.s.model.Country      |                  setCode|Inside setCode. Setting code to: IN
260628|09:12:22.221|main                |DEBUG|c.c.s.model.Country      |                  setName|Inside setName. Setting name to: India
260628|09:12:22.222|main                |DEBUG|c.c.s.model.Country      |                   <init>|Inside Country Constructor.
260628|09:12:22.222|main                |DEBUG|c.c.s.model.Country      |                  setCode|Inside setCode. Setting code to: US
260628|09:12:22.222|main                |DEBUG|c.c.s.model.Country      |                  setName|Inside setName. Setting name to: United States
260628|09:12:22.222|main                |DEBUG|c.c.s.model.Country      |                   <init>|Inside Country Constructor.
260628|09:12:22.222|main                |DEBUG|c.c.s.model.Country      |                  setCode|Inside setCode. Setting code to: DE
260628|09:12:22.222|main                |DEBUG|c.c.s.model.Country      |                  setName|Inside setName. Setting name to: Germany
260628|09:12:22.222|main                |DEBUG|c.c.s.model.Country      |                   <init>|Inside Country Constructor.
260628|09:12:22.222|main                |DEBUG|c.c.s.model.Country      |                  setCode|Inside setCode. Setting code to: JP
260628|09:12:22.222|main                |DEBUG|c.c.s.model.Country      |                  setName|Inside setName. Setting name to: Japan
260628|09:12:22.223|main                |DEBUG|c.c.s.model.Country      |                  getCode|Inside getCode. Code: IN
260628|09:12:22.223|main                |DEBUG|c.c.s.model.Country      |                  getCode|Inside getCode. Code: US
260628|09:12:22.223|main                |DEBUG|c.c.s.model.Country      |                  getCode|Inside getCode. Code: DE
260628|09:12:22.223|main                |DEBUG|c.c.s.model.Country      |                  getCode|Inside getCode. Code: JP
]]></system-out>
    <system-err><![CDATA[WARNING: A Java agent has been loaded dynamically (/Users/bharathbodduvenkata/.m2/repository/net/bytebuddy/byte-buddy-agent/1.14.19/byte-buddy-agent-1.14.19.jar)
WARNING: If a serviceability tool is in use, please run with -XX:+EnableDynamicAgentLoading to hide this warning
WARNING: If a serviceability tool is not in use, please run with -Djdk.instrument.traceUsage for more information
WARNING: Dynamic loading of agents will be disallowed by default in a future release
]]></system-err>
  </testcase>
  <testcase name="contextLoads" classname="com.cognizant.springlearn.SpringLearnApplicationTests" time="0.003"/>
  <testcase name="testGetCountry" classname="com.cognizant.springlearn.SpringLearnApplicationTests" time="0.039">
    <system-out><![CDATA[260628|09:12:22.236|main                | INFO|c.c.s.c.CountryController|          getCountryIndia|START
260628|09:12:22.242|main                |DEBUG|c.c.s.model.Country      |                   <init>|Inside Country Constructor.
260628|09:12:22.242|main                |DEBUG|c.c.s.model.Country      |                  setCode|Inside setCode. Setting code to: IN
260628|09:12:22.242|main                |DEBUG|c.c.s.model.Country      |                  setName|Inside setName. Setting name to: India
260628|09:12:22.242|main                |DEBUG|c.c.s.model.Country      |                   <init>|Inside Country Constructor.
260628|09:12:22.243|main                |DEBUG|c.c.s.model.Country      |                  setCode|Inside setCode. Setting code to: US
260628|09:12:22.243|main                |DEBUG|c.c.s.model.Country      |                  setName|Inside setName. Setting name to: United States
260628|09:12:22.243|main                |DEBUG|c.c.s.model.Country      |                   <init>|Inside Country Constructor.
260628|09:12:22.243|main                |DEBUG|c.c.s.model.Country      |                  setCode|Inside setCode. Setting code to: DE
260628|09:12:22.243|main                |DEBUG|c.c.s.model.Country      |                  setName|Inside setName. Setting name to: Germany
260628|09:12:22.243|main                |DEBUG|c.c.s.model.Country      |                   <init>|Inside Country Constructor.
260628|09:12:22.243|main                |DEBUG|c.c.s.model.Country      |                  setCode|Inside setCode. Setting code to: JP
260628|09:12:22.243|main                |DEBUG|c.c.s.model.Country      |                  setName|Inside setName. Setting name to: Japan
260628|09:12:22.244|main                |DEBUG|c.c.s.c.CountryController|          getCountryIndia|India Country: Country [code=IN, name=India]
260628|09:12:22.244|main                | INFO|c.c.s.c.CountryController|          getCountryIndia|END
260628|09:12:22.260|main                |DEBUG|c.c.s.model.Country      |                  getCode|Inside getCode. Code: IN
260628|09:12:22.261|main                |DEBUG|c.c.s.model.Country      |                  getName|Inside getName. Name: India
]]></system-out>
  </testcase>
</testsuite>