<?xml version="1.0" encoding="UTF-8"?>
<testsuite xmlns:xsi="http://www.w3.org/2001/XMLSchema-instance" xsi:noNamespaceSchemaLocation="https://maven.apache.org/surefire/maven-surefire-plugin/xsd/surefire-test-report-3.0.xsd" version="3.0" name="com.cognizant.jwtauthentication.JwtAuthenticationApplicationTests" time="1.678" tests="5" errors="0" skipped="0" failures="0">
  <properties>
[...]
</properties>
  <testcase name="whenAccessingSecureEndpointWithInvalidToken_thenUnauthorized" classname="com.cognizant.jwtauthentication.JwtAuthenticationApplicationTests" time="0.36">
    <system-out><![CDATA[22:42:57.289 [main] INFO org.springframework.test.context.support.AnnotationConfigContextLoaderUtils -- Could not detect default configuration classes for test class [com.cognizant.jwtauthentication.JwtAuthenticationApplicationTests]: JwtAuthenticationApplicationTests does not declare any static, non-private, non-final, nested classes annotated with @Configuration.
22:42:57.331 [main] INFO org.springframework.boot.test.context.SpringBootTestContextBootstrapper -- Found @SpringBootConfiguration com.cognizant.jwtauthentication.JwtAuthenticationApplication for test class com.cognizant.jwtauthentication.JwtAuthenticationApplicationTests
22:42:57.381 [main] INFO org.springframework.boot.devtools.restart.RestartApplicationListener -- Restart disabled due to context in which it is running

  .   ____          _            __ _ _
 /\\ / ___'_ __ _ _(_)_ __  __ _ \ \ \ \
( ( )\___ | '_ | '_| | '_ \/ _` | \ \ \ \
 \\/  ___)| |_)| | | | | || (_| |  ) ) ) )
  '  |____| .__|_| |_|_| |_\__, | / / / /
 =========|_|==============|___/=/_/_/_/

 :: Spring Boot ::                (v3.3.1)

2026-06-29 22:42:57 [main] INFO  c.c.j.JwtAuthenticationApplicationTests - Starting JwtAuthenticationApplicationTests using Java 26.0.1 with PID 41556 (started by bharathbodduvenkata in /Users/bharathbodduvenkata/SonarQube & Microservices/Exercise 3- Using JSON Web Tokens (JWT) for Secure Communication)
2026-06-29 22:42:57 [main] DEBUG c.c.j.JwtAuthenticationApplicationTests - Running with Spring Boot v3.3.1, Spring v6.1.10
2026-06-29 22:42:57 [main] INFO  c.c.j.JwtAuthenticationApplicationTests - No active profile set, falling back to 1 default profile: "default"
2026-06-29 22:42:57 [main] INFO  c.c.j.util.JwtTokenProvider - Initializing JWT signing key from configuration properties...
2026-06-29 22:42:57 [main] INFO  c.c.j.util.JwtTokenProvider - JWT signing key initialized successfully (Algorithm: HMAC-SHA).
2026-06-29 22:42:57 [main] INFO  c.c.j.security.SecurityConfig - Initializing In-Memory user credentials for testing...
2026-06-29 22:42:58 [main] INFO  o.s.s.c.a.a.c.InitializeUserDetailsBeanManagerConfigurer$InitializeUserDetailsManagerConfigurer - Global AuthenticationManager configured with UserDetailsService bean with name userDetailsService
2026-06-29 22:42:58 [main] INFO  c.c.j.security.SecurityConfig - Configuring Spring Security 6 filter chain...
2026-06-29 22:42:58 [main] INFO  c.c.j.security.SecurityConfig - Security filter chain configured successfully.
2026-06-29 22:42:58 [main] DEBUG o.s.s.web.DefaultSecurityFilterChain - Will secure any request with filters: DisableEncodeUrlFilter, WebAsyncManagerIntegrationFilter, SecurityContextHolderFilter, HeaderWriterFilter, CorsFilter, LogoutFilter, JwtAuthenticationFilter, RequestCacheAwareFilter, SecurityContextHolderAwareRequestFilter, AnonymousAuthenticationFilter, SessionManagementFilter, ExceptionTranslationFilter, AuthorizationFilter
2026-06-29 22:42:58 [main] DEBUG c.c.j.s.JwtAuthenticationFilter - Filter 'jwtAuthenticationFilter' configured for use
2026-06-29 22:42:58 [main] INFO  o.s.b.t.m.w.SpringBootMockServletContext - Initializing Spring TestDispatcherServlet ''
2026-06-29 22:42:58 [main] INFO  o.s.t.w.s.TestDispatcherServlet - Initializing Servlet ''
2026-06-29 22:42:58 [main] INFO  o.s.t.w.s.TestDispatcherServlet - Completed initialization in 0 ms
2026-06-29 22:42:58 [main] INFO  c.c.j.JwtAuthenticationApplicationTests - Started JwtAuthenticationApplicationTests in 0.896 seconds (process running for 1.239)
2026-06-29 22:42:58 [main] DEBUG o.s.security.web.FilterChainProxy - Securing GET /secure
2026-06-29 22:42:58 [main] DEBUG c.c.j.s.JwtAuthenticationFilter - Intercepting request for path: '/secure'
2026-06-29 22:42:58 [main] DEBUG c.c.j.s.JwtAuthenticationFilter - Bearer token header found.
2026-06-29 22:42:58 [main] ERROR c.c.j.util.JwtTokenProvider - Invalid JWT token structure: Invalid compact JWT string: Compact JWSs must contain exactly 2 period characters, and compact JWEs must contain exactly 4.  Found: 0
2026-06-29 22:42:58 [main] ERROR c.c.j.s.JwtAuthenticationFilter - JWT authentication failed for path: '/secure', resolving exception. Error: Invalid compact JWT string: Compact JWSs must contain exactly 2 period characters, and compact JWEs must contain exactly 4.  Found: 0
2026-06-29 22:42:58 [main] ERROR c.c.j.e.GlobalExceptionHandler - JWT exception occurred: Invalid compact JWT string: Compact JWSs must contain exactly 2 period characters, and compact JWEs must contain exactly 4.  Found: 0. Path: /secure
]]></system-out>
    <system-err><![CDATA[WARNING: A Java agent has been loaded dynamically (/Users/bharathbodduvenkata/.m2/repository/net/bytebuddy/byte-buddy-agent/1.14.17/byte-buddy-agent-1.14.17.jar)
WARNING: If a serviceability tool is in use, please run with -XX:+EnableDynamicAgentLoading to hide this warning
WARNING: If a serviceability tool is not in use, please run with -Djdk.instrument.traceUsage for more information
WARNING: Dynamic loading of agents will be disallowed by default in a future release
]]></system-err>
  </testcase>
  <testcase name="whenAuthenticatingWithValidCredentials_thenReturnTokenAndAccessSecureRoutes" classname="com.cognizant.jwtauthentication.JwtAuthenticationApplicationTests" time="0.193">
    <system-out><![CDATA[2026-06-29 22:42:58 [main] DEBUG o.s.security.web.FilterChainProxy - Securing POST /authenticate
2026-06-29 22:42:58 [main] DEBUG c.c.j.s.JwtAuthenticationFilter - Intercepting request for path: '/authenticate'
2026-06-29 22:42:58 [main] DEBUG c.c.j.s.JwtAuthenticationFilter - No Bearer token found in request headers.
2026-06-29 22:42:58 [main] DEBUG o.s.s.w.a.AnonymousAuthenticationFilter - Set SecurityContextHolder to anonymous SecurityContext
2026-06-29 22:42:58 [main] DEBUG o.s.security.web.FilterChainProxy - Secured POST /authenticate
2026-06-29 22:42:58 [main] INFO  c.c.j.c.AuthenticationController - Received authentication request for user: 'admin'
2026-06-29 22:42:58 [main] DEBUG o.s.s.a.d.DaoAuthenticationProvider - Authenticated user
2026-06-29 22:42:58 [main] DEBUG c.c.j.c.AuthenticationController - User 'admin' authenticated successfully. Proceeding to token generation.
2026-06-29 22:42:58 [main] DEBUG c.c.j.util.JwtTokenProvider - Generating JWT token for user: 'admin' with authorities: [ROLE_ADMIN,ROLE_USER]
2026-06-29 22:42:58 [main] INFO  c.c.j.util.JwtTokenProvider - JWT token generated successfully for user: 'admin'
2026-06-29 22:42:58 [main] DEBUG o.s.security.web.FilterChainProxy - Securing GET /secure
2026-06-29 22:42:58 [main] DEBUG c.c.j.s.JwtAuthenticationFilter - Intercepting request for path: '/secure'
2026-06-29 22:42:58 [main] DEBUG c.c.j.s.JwtAuthenticationFilter - Bearer token header found.
2026-06-29 22:42:58 [main] DEBUG c.c.j.util.JwtTokenProvider - JWT token is valid.
2026-06-29 22:42:58 [main] DEBUG c.c.j.s.JwtAuthenticationFilter - Successfully authenticated user 'admin' via JWT, SecurityContext populated.
2026-06-29 22:42:58 [main] DEBUG o.s.security.web.FilterChainProxy - Secured GET /secure
2026-06-29 22:42:58 [main] INFO  c.c.j.controller.SecureController - Accessing /secure endpoint...
2026-06-29 22:42:58 [main] DEBUG o.s.security.web.FilterChainProxy - Securing GET /profile
2026-06-29 22:42:58 [main] DEBUG c.c.j.s.JwtAuthenticationFilter - Intercepting request for path: '/profile'
2026-06-29 22:42:58 [main] DEBUG c.c.j.s.JwtAuthenticationFilter - Bearer token header found.
2026-06-29 22:42:58 [main] DEBUG c.c.j.util.JwtTokenProvider - JWT token is valid.
2026-06-29 22:42:58 [main] DEBUG c.c.j.s.JwtAuthenticationFilter - Successfully authenticated user 'admin' via JWT, SecurityContext populated.
2026-06-29 22:42:58 [main] DEBUG o.s.security.web.FilterChainProxy - Secured GET /profile
2026-06-29 22:42:58 [main] INFO  c.c.j.controller.SecureController - Accessing /profile endpoint for user: 'admin'...
2026-06-29 22:42:58 [main] DEBUG o.s.security.web.FilterChainProxy - Securing GET /
2026-06-29 22:42:58 [main] DEBUG c.c.j.s.JwtAuthenticationFilter - Intercepting request for path: '/'
2026-06-29 22:42:58 [main] DEBUG c.c.j.s.JwtAuthenticationFilter - Bearer token header found.
2026-06-29 22:42:58 [main] DEBUG c.c.j.util.JwtTokenProvider - JWT token is valid.
2026-06-29 22:42:58 [main] DEBUG c.c.j.s.JwtAuthenticationFilter - Successfully authenticated user 'admin' via JWT, SecurityContext populated.
2026-06-29 22:42:58 [main] DEBUG o.s.security.web.FilterChainProxy - Secured GET /
2026-06-29 22:42:58 [main] INFO  c.c.j.controller.SecureController - Accessing root status endpoint...
]]></system-out>
  </testcase>
  <testcase name="contextLoads" classname="com.cognizant.jwtauthentication.JwtAuthenticationApplicationTests" time="0.001"/>
  <testcase name="whenAccessingSecureEndpointWithoutToken_thenUnauthorized" classname="com.cognizant.jwtauthentication.JwtAuthenticationApplicationTests" time="0.003">
    <system-out><![CDATA[2026-06-29 22:42:58 [main] DEBUG o.s.security.web.FilterChainProxy - Securing GET /secure
2026-06-29 22:42:58 [main] DEBUG c.c.j.s.JwtAuthenticationFilter - Intercepting request for path: '/secure'
2026-06-29 22:42:58 [main] DEBUG c.c.j.s.JwtAuthenticationFilter - No Bearer token found in request headers.
2026-06-29 22:42:58 [main] DEBUG o.s.s.w.a.AnonymousAuthenticationFilter - Set SecurityContextHolder to anonymous SecurityContext
2026-06-29 22:42:58 [main] ERROR c.c.j.security.SecurityConfig - Unauthorized access attempt to '/secure' - Exception: Full authentication is required to access this resource
2026-06-29 22:42:58 [main] ERROR c.c.j.e.GlobalExceptionHandler - Authentication exception: Full authentication is required to access this resource. Path: /secure
]]></system-out>
  </testcase>
  <testcase name="whenAuthenticatingWithInvalidCredentials_thenUnauthorized" classname="com.cognizant.jwtauthentication.JwtAuthenticationApplicationTests" time="0.071">
    <system-out><![CDATA[2026-06-29 22:42:58 [main] DEBUG o.s.security.web.FilterChainProxy - Securing POST /authenticate
2026-06-29 22:42:58 [main] DEBUG c.c.j.s.JwtAuthenticationFilter - Intercepting request for path: '/authenticate'
2026-06-29 22:42:58 [main] DEBUG c.c.j.s.JwtAuthenticationFilter - No Bearer token found in request headers.
2026-06-29 22:42:58 [main] DEBUG o.s.s.w.a.AnonymousAuthenticationFilter - Set SecurityContextHolder to anonymous SecurityContext
2026-06-29 22:42:58 [main] DEBUG o.s.security.web.FilterChainProxy - Secured POST /authenticate
2026-06-29 22:42:58 [main] INFO  c.c.j.c.AuthenticationController - Received authentication request for user: 'admin'
2026-06-29 22:42:58 [main] DEBUG o.s.s.a.d.DaoAuthenticationProvider - Failed to authenticate since password does not match stored value
2026-06-29 22:42:58 [main] ERROR c.c.j.e.GlobalExceptionHandler - Authentication failed: Bad credentials. Path: /authenticate
]]></system-out>
  </testcase>
</testsuite>